CRITICAL - 2022-06-08 17:48:46 --> Class "App\Models\AuditoriaModel" not found
in APPPATH\Controllers\Home.php on line 108.
 1 SYSTEMPATH\CodeIgniter.php(898): App\Controllers\Home->deslogar()
 2 SYSTEMPATH\CodeIgniter.php(468): CodeIgniter\CodeIgniter->runController(Object(App\Controllers\Home))
 3 SYSTEMPATH\CodeIgniter.php(351): CodeIgniter\CodeIgniter->handleRequest(null, Object(Config\Cache), false)
 4 FCPATH\index.php(55): CodeIgniter\CodeIgniter->run()
 5 SYSTEMPATH\Commands\Server\rewrite.php(43): require_once('FCPATH\\index.php')
CRITICAL - 2022-06-08 17:52:38 --> Class "App\Models\AuditoriaModel" not found
in APPPATH\Controllers\Home.php on line 108.
 1 SYSTEMPATH\CodeIgniter.php(898): App\Controllers\Home->deslogar()
 2 SYSTEMPATH\CodeIgniter.php(468): CodeIgniter\CodeIgniter->runController(Object(App\Controllers\Home))
 3 SYSTEMPATH\CodeIgniter.php(351): CodeIgniter\CodeIgniter->handleRequest(null, Object(Config\Cache), false)
 4 FCPATH\index.php(55): CodeIgniter\CodeIgniter->run()
 5 SYSTEMPATH\Commands\Server\rewrite.php(43): require_once('FCPATH\\index.php')
CRITICAL - 2022-06-08 17:53:37 --> Class "App\Models\AuditoriaModel" not found
in APPPATH\Controllers\Home.php on line 108.
 1 SYSTEMPATH\CodeIgniter.php(898): App\Controllers\Home->deslogar()
 2 SYSTEMPATH\CodeIgniter.php(468): CodeIgniter\CodeIgniter->runController(Object(App\Controllers\Home))
 3 SYSTEMPATH\CodeIgniter.php(351): CodeIgniter\CodeIgniter->handleRequest(null, Object(Config\Cache), false)
 4 FCPATH\index.php(55): CodeIgniter\CodeIgniter->run()
 5 SYSTEMPATH\Commands\Server\rewrite.php(43): require_once('FCPATH\\index.php')
CRITICAL - 2022-06-08 17:53:48 --> Undefined global variable $_SESSION
in APPPATH\Controllers\Home.php on line 111.
 1 APPPATH\Controllers\Home.php(111): CodeIgniter\Debug\Exceptions->errorHandler(2, 'Undefined global variable $_SESSION', 'APPPATH\\Controllers\\Home.php', 111)
 2 SYSTEMPATH\CodeIgniter.php(898): App\Controllers\Home->deslogar()
 3 SYSTEMPATH\CodeIgniter.php(468): CodeIgniter\CodeIgniter->runController(Object(App\Controllers\Home))
 4 SYSTEMPATH\CodeIgniter.php(351): CodeIgniter\CodeIgniter->handleRequest(null, Object(Config\Cache), false)
 5 FCPATH\index.php(55): CodeIgniter\CodeIgniter->run()
 6 SYSTEMPATH\Commands\Server\rewrite.php(43): require_once('FCPATH\\index.php')
CRITICAL - 2022-06-08 17:54:08 --> Undefined global variable $_SESSION
in APPPATH\Controllers\Home.php on line 111.
 1 APPPATH\Controllers\Home.php(111): CodeIgniter\Debug\Exceptions->errorHandler(2, 'Undefined global variable $_SESSION', 'APPPATH\\Controllers\\Home.php', 111)
 2 SYSTEMPATH\CodeIgniter.php(898): App\Controllers\Home->deslogar()
 3 SYSTEMPATH\CodeIgniter.php(468): CodeIgniter\CodeIgniter->runController(Object(App\Controllers\Home))
 4 SYSTEMPATH\CodeIgniter.php(351): CodeIgniter\CodeIgniter->handleRequest(null, Object(Config\Cache), false)
 5 FCPATH\index.php(55): CodeIgniter\CodeIgniter->run()
 6 SYSTEMPATH\Commands\Server\rewrite.php(43): require_once('FCPATH\\index.php')
CRITICAL - 2022-06-08 18:00:45 --> Illegal offset type in unset
in SYSTEMPATH\Session\Session.php on line 534.
 1 APPPATH\Controllers\Home.php(116): CodeIgniter\Session\Session->remove([...])
 2 SYSTEMPATH\CodeIgniter.php(898): App\Controllers\Home->deslogar()
 3 SYSTEMPATH\CodeIgniter.php(468): CodeIgniter\CodeIgniter->runController(Object(App\Controllers\Home))
 4 SYSTEMPATH\CodeIgniter.php(351): CodeIgniter\CodeIgniter->handleRequest(null, Object(Config\Cache), false)
 5 FCPATH\index.php(55): CodeIgniter\CodeIgniter->run()
 6 SYSTEMPATH\Commands\Server\rewrite.php(43): require_once('FCPATH\\index.php')
CRITICAL - 2022-06-08 18:02:46 --> Too few arguments to function App\Controllers\Home::deslogar(), 0 passed in C:\Users\Pichau\Documents\codeigniter4-CodeIgniter4-394a6c6\system\CodeIgniter.php on line 898 and exactly 1 expected
in APPPATH\Controllers\Home.php on line 107.
 1 SYSTEMPATH\CodeIgniter.php(898): App\Controllers\Home->deslogar()
 2 SYSTEMPATH\CodeIgniter.php(468): CodeIgniter\CodeIgniter->runController(Object(App\Controllers\Home))
 3 SYSTEMPATH\CodeIgniter.php(351): CodeIgniter\CodeIgniter->handleRequest(null, Object(Config\Cache), false)
 4 FCPATH\index.php(55): CodeIgniter\CodeIgniter->run()
 5 SYSTEMPATH\Commands\Server\rewrite.php(43): require_once('FCPATH\\index.php')
CRITICAL - 2022-06-08 18:03:30 --> Too few arguments to function App\Controllers\Home::deslogar(), 0 passed in C:\Users\Pichau\Documents\codeigniter4-CodeIgniter4-394a6c6\system\CodeIgniter.php on line 898 and exactly 1 expected
in APPPATH\Controllers\Home.php on line 107.
 1 SYSTEMPATH\CodeIgniter.php(898): App\Controllers\Home->deslogar()
 2 SYSTEMPATH\CodeIgniter.php(468): CodeIgniter\CodeIgniter->runController(Object(App\Controllers\Home))
 3 SYSTEMPATH\CodeIgniter.php(351): CodeIgniter\CodeIgniter->handleRequest(null, Object(Config\Cache), false)
 4 FCPATH\index.php(55): CodeIgniter\CodeIgniter->run()
 5 SYSTEMPATH\Commands\Server\rewrite.php(43): require_once('FCPATH\\index.php')
CRITICAL - 2022-06-08 18:04:18 --> Class "App\Models\AuditoriaModel" not found
in APPPATH\Controllers\Home.php on line 108.
 1 SYSTEMPATH\CodeIgniter.php(898): App\Controllers\Home->deslogar('sasa')
 2 SYSTEMPATH\CodeIgniter.php(468): CodeIgniter\CodeIgniter->runController(Object(App\Controllers\Home))
 3 SYSTEMPATH\CodeIgniter.php(351): CodeIgniter\CodeIgniter->handleRequest(null, Object(Config\Cache), false)
 4 FCPATH\index.php(55): CodeIgniter\CodeIgniter->run()
 5 SYSTEMPATH\Commands\Server\rewrite.php(43): require_once('FCPATH\\index.php')
CRITICAL - 2022-06-08 18:07:13 --> Class "App\Models\AuditoriaModel" not found
in APPPATH\Controllers\Home.php on line 64.
 1 SYSTEMPATH\CodeIgniter.php(898): App\Controllers\Home->deslogar('sasa')
 2 SYSTEMPATH\CodeIgniter.php(468): CodeIgniter\CodeIgniter->runController(Object(App\Controllers\Home))
 3 SYSTEMPATH\CodeIgniter.php(351): CodeIgniter\CodeIgniter->handleRequest(null, Object(Config\Cache), false)
 4 FCPATH\index.php(55): CodeIgniter\CodeIgniter->run()
 5 SYSTEMPATH\Commands\Server\rewrite.php(43): require_once('FCPATH\\index.php')
CRITICAL - 2022-06-08 18:07:34 --> Class "App\Models\AuditoriaModel" not found
in APPPATH\Controllers\Home.php on line 64.
 1 SYSTEMPATH\CodeIgniter.php(898): App\Controllers\Home->deslogar('sasa')
 2 SYSTEMPATH\CodeIgniter.php(468): CodeIgniter\CodeIgniter->runController(Object(App\Controllers\Home))
 3 SYSTEMPATH\CodeIgniter.php(351): CodeIgniter\CodeIgniter->handleRequest(null, Object(Config\Cache), false)
 4 FCPATH\index.php(55): CodeIgniter\CodeIgniter->run()
 5 SYSTEMPATH\Commands\Server\rewrite.php(43): require_once('FCPATH\\index.php')
CRITICAL - 2022-06-08 18:07:35 --> Class "App\Models\AuditoriaModel" not found
in APPPATH\Controllers\Home.php on line 64.
 1 SYSTEMPATH\CodeIgniter.php(898): App\Controllers\Home->deslogar('sasa')
 2 SYSTEMPATH\CodeIgniter.php(468): CodeIgniter\CodeIgniter->runController(Object(App\Controllers\Home))
 3 SYSTEMPATH\CodeIgniter.php(351): CodeIgniter\CodeIgniter->handleRequest(null, Object(Config\Cache), false)
 4 FCPATH\index.php(55): CodeIgniter\CodeIgniter->run()
 5 SYSTEMPATH\Commands\Server\rewrite.php(43): require_once('FCPATH\\index.php')
CRITICAL - 2022-06-08 18:07:37 --> Class "App\Models\AuditoriaModel" not found
in APPPATH\Controllers\Home.php on line 64.
 1 SYSTEMPATH\CodeIgniter.php(898): App\Controllers\Home->deslogar('sasa')
 2 SYSTEMPATH\CodeIgniter.php(468): CodeIgniter\CodeIgniter->runController(Object(App\Controllers\Home))
 3 SYSTEMPATH\CodeIgniter.php(351): CodeIgniter\CodeIgniter->handleRequest(null, Object(Config\Cache), false)
 4 FCPATH\index.php(55): CodeIgniter\CodeIgniter->run()
 5 SYSTEMPATH\Commands\Server\rewrite.php(43): require_once('FCPATH\\index.php')
CRITICAL - 2022-06-08 18:07:42 --> Class "App\Models\AuditoriaModel" not found
in APPPATH\Controllers\Home.php on line 108.
 1 SYSTEMPATH\CodeIgniter.php(898): App\Controllers\Home->deslogar('sasa')
 2 SYSTEMPATH\CodeIgniter.php(468): CodeIgniter\CodeIgniter->runController(Object(App\Controllers\Home))
 3 SYSTEMPATH\CodeIgniter.php(351): CodeIgniter\CodeIgniter->handleRequest(null, Object(Config\Cache), false)
 4 FCPATH\index.php(55): CodeIgniter\CodeIgniter->run()
 5 SYSTEMPATH\Commands\Server\rewrite.php(43): require_once('FCPATH\\index.php')
CRITICAL - 2022-06-08 18:08:19 --> Class "App\Models\AuditoriaModel" not found
in APPPATH\Controllers\Home.php on line 108.
 1 SYSTEMPATH\CodeIgniter.php(898): App\Controllers\Home->deslogar('sasa')
 2 SYSTEMPATH\CodeIgniter.php(468): CodeIgniter\CodeIgniter->runController(Object(App\Controllers\Home))
 3 SYSTEMPATH\CodeIgniter.php(351): CodeIgniter\CodeIgniter->handleRequest(null, Object(Config\Cache), false)
 4 FCPATH\index.php(55): CodeIgniter\CodeIgniter->run()
 5 SYSTEMPATH\Commands\Server\rewrite.php(43): require_once('FCPATH\\index.php')
CRITICAL - 2022-06-08 18:08:58 --> Class "App\Models\AuditoriaModel" not found
in APPPATH\Controllers\Home.php on line 108.
 1 SYSTEMPATH\CodeIgniter.php(898): App\Controllers\Home->deslogar('sasa')
 2 SYSTEMPATH\CodeIgniter.php(468): CodeIgniter\CodeIgniter->runController(Object(App\Controllers\Home))
 3 SYSTEMPATH\CodeIgniter.php(351): CodeIgniter\CodeIgniter->handleRequest(null, Object(Config\Cache), false)
 4 FCPATH\index.php(55): CodeIgniter\CodeIgniter->run()
 5 SYSTEMPATH\Commands\Server\rewrite.php(43): require_once('FCPATH\\index.php')
CRITICAL - 2022-06-08 18:09:02 --> Class "App\Models\AuditoriaModel" not found
in APPPATH\Controllers\Home.php on line 108.
 1 SYSTEMPATH\CodeIgniter.php(898): App\Controllers\Home->deslogar('sasa')
 2 SYSTEMPATH\CodeIgniter.php(468): CodeIgniter\CodeIgniter->runController(Object(App\Controllers\Home))
 3 SYSTEMPATH\CodeIgniter.php(351): CodeIgniter\CodeIgniter->handleRequest(null, Object(Config\Cache), false)
 4 FCPATH\index.php(55): CodeIgniter\CodeIgniter->run()
 5 SYSTEMPATH\Commands\Server\rewrite.php(43): require_once('FCPATH\\index.php')
CRITICAL - 2022-06-08 18:09:02 --> Class "App\Models\AuditoriaModel" not found
in APPPATH\Controllers\Home.php on line 108.
 1 SYSTEMPATH\CodeIgniter.php(898): App\Controllers\Home->deslogar('sasa')
 2 SYSTEMPATH\CodeIgniter.php(468): CodeIgniter\CodeIgniter->runController(Object(App\Controllers\Home))
 3 SYSTEMPATH\CodeIgniter.php(351): CodeIgniter\CodeIgniter->handleRequest(null, Object(Config\Cache), false)
 4 FCPATH\index.php(55): CodeIgniter\CodeIgniter->run()
 5 SYSTEMPATH\Commands\Server\rewrite.php(43): require_once('FCPATH\\index.php')
CRITICAL - 2022-06-08 18:09:02 --> Class "App\Models\AuditoriaModel" not found
in APPPATH\Controllers\Home.php on line 108.
 1 SYSTEMPATH\CodeIgniter.php(898): App\Controllers\Home->deslogar('sasa')
 2 SYSTEMPATH\CodeIgniter.php(468): CodeIgniter\CodeIgniter->runController(Object(App\Controllers\Home))
 3 SYSTEMPATH\CodeIgniter.php(351): CodeIgniter\CodeIgniter->handleRequest(null, Object(Config\Cache), false)
 4 FCPATH\index.php(55): CodeIgniter\CodeIgniter->run()
 5 SYSTEMPATH\Commands\Server\rewrite.php(43): require_once('FCPATH\\index.php')
CRITICAL - 2022-06-08 18:09:03 --> Class "App\Models\AuditoriaModel" not found
in APPPATH\Controllers\Home.php on line 108.
 1 SYSTEMPATH\CodeIgniter.php(898): App\Controllers\Home->deslogar('sasa')
 2 SYSTEMPATH\CodeIgniter.php(468): CodeIgniter\CodeIgniter->runController(Object(App\Controllers\Home))
 3 SYSTEMPATH\CodeIgniter.php(351): CodeIgniter\CodeIgniter->handleRequest(null, Object(Config\Cache), false)
 4 FCPATH\index.php(55): CodeIgniter\CodeIgniter->run()
 5 SYSTEMPATH\Commands\Server\rewrite.php(43): require_once('FCPATH\\index.php')
CRITICAL - 2022-06-08 18:09:03 --> Class "App\Models\AuditoriaModel" not found
in APPPATH\Controllers\Home.php on line 108.
 1 SYSTEMPATH\CodeIgniter.php(898): App\Controllers\Home->deslogar('sasa')
 2 SYSTEMPATH\CodeIgniter.php(468): CodeIgniter\CodeIgniter->runController(Object(App\Controllers\Home))
 3 SYSTEMPATH\CodeIgniter.php(351): CodeIgniter\CodeIgniter->handleRequest(null, Object(Config\Cache), false)
 4 FCPATH\index.php(55): CodeIgniter\CodeIgniter->run()
 5 SYSTEMPATH\Commands\Server\rewrite.php(43): require_once('FCPATH\\index.php')
CRITICAL - 2022-06-08 18:09:03 --> Class "App\Models\AuditoriaModel" not found
in APPPATH\Controllers\Home.php on line 108.
 1 SYSTEMPATH\CodeIgniter.php(898): App\Controllers\Home->deslogar('sasa')
 2 SYSTEMPATH\CodeIgniter.php(468): CodeIgniter\CodeIgniter->runController(Object(App\Controllers\Home))
 3 SYSTEMPATH\CodeIgniter.php(351): CodeIgniter\CodeIgniter->handleRequest(null, Object(Config\Cache), false)
 4 FCPATH\index.php(55): CodeIgniter\CodeIgniter->run()
 5 SYSTEMPATH\Commands\Server\rewrite.php(43): require_once('FCPATH\\index.php')
CRITICAL - 2022-06-08 18:09:55 --> Class "App\Models\AuditoriaModel" not found
in APPPATH\Controllers\Home.php on line 108.
 1 SYSTEMPATH\CodeIgniter.php(898): App\Controllers\Home->deslogar('sasa')
 2 SYSTEMPATH\CodeIgniter.php(468): CodeIgniter\CodeIgniter->runController(Object(App\Controllers\Home))
 3 SYSTEMPATH\CodeIgniter.php(351): CodeIgniter\CodeIgniter->handleRequest(null, Object(Config\Cache), false)
 4 FCPATH\index.php(55): CodeIgniter\CodeIgniter->run()
 5 SYSTEMPATH\Commands\Server\rewrite.php(43): require_once('FCPATH\\index.php')
CRITICAL - 2022-06-08 18:12:04 --> Class "App\Models\AuditoriaModel" not found
in APPPATH\Controllers\Home.php on line 108.
 1 SYSTEMPATH\CodeIgniter.php(898): App\Controllers\Home->deslogar('sasa')
 2 SYSTEMPATH\CodeIgniter.php(468): CodeIgniter\CodeIgniter->runController(Object(App\Controllers\Home))
 3 SYSTEMPATH\CodeIgniter.php(351): CodeIgniter\CodeIgniter->handleRequest(null, Object(Config\Cache), false)
 4 FCPATH\index.php(55): CodeIgniter\CodeIgniter->run()
 5 SYSTEMPATH\Commands\Server\rewrite.php(43): require_once('FCPATH\\index.php')
CRITICAL - 2022-06-08 18:12:07 --> Class "App\Models\AuditoriaModel" not found
in APPPATH\Controllers\Home.php on line 108.
 1 SYSTEMPATH\CodeIgniter.php(898): App\Controllers\Home->deslogar('sasa')
 2 SYSTEMPATH\CodeIgniter.php(468): CodeIgniter\CodeIgniter->runController(Object(App\Controllers\Home))
 3 SYSTEMPATH\CodeIgniter.php(351): CodeIgniter\CodeIgniter->handleRequest(null, Object(Config\Cache), false)
 4 FCPATH\index.php(55): CodeIgniter\CodeIgniter->run()
 5 SYSTEMPATH\Commands\Server\rewrite.php(43): require_once('FCPATH\\index.php')
CRITICAL - 2022-06-08 18:14:03 --> Class "App\Models\AuditoriaModel" not found
in APPPATH\Controllers\Home.php on line 108.
 1 SYSTEMPATH\CodeIgniter.php(898): App\Controllers\Home->deslogar('sasa')
 2 SYSTEMPATH\CodeIgniter.php(468): CodeIgniter\CodeIgniter->runController(Object(App\Controllers\Home))
 3 SYSTEMPATH\CodeIgniter.php(351): CodeIgniter\CodeIgniter->handleRequest(null, Object(Config\Cache), false)
 4 FCPATH\index.php(55): CodeIgniter\CodeIgniter->run()
 5 SYSTEMPATH\Commands\Server\rewrite.php(43): require_once('FCPATH\\index.php')
CRITICAL - 2022-06-08 18:20:16 --> Class "App\Models\AuditoriaModel" not found
in APPPATH\Controllers\Home.php on line 109.
 1 SYSTEMPATH\CodeIgniter.php(898): App\Controllers\Home->deslogar('sasa')
 2 SYSTEMPATH\CodeIgniter.php(468): CodeIgniter\CodeIgniter->runController(Object(App\Controllers\Home))
 3 SYSTEMPATH\CodeIgniter.php(351): CodeIgniter\CodeIgniter->handleRequest(null, Object(Config\Cache), false)
 4 FCPATH\index.php(55): CodeIgniter\CodeIgniter->run()
 5 SYSTEMPATH\Commands\Server\rewrite.php(43): require_once('FCPATH\\index.php')
CRITICAL - 2022-06-08 18:20:22 --> Class "App\Models\AuditoriaModel" not found
in APPPATH\Controllers\Home.php on line 109.
 1 SYSTEMPATH\CodeIgniter.php(898): App\Controllers\Home->deslogar('sasa')
 2 SYSTEMPATH\CodeIgniter.php(468): CodeIgniter\CodeIgniter->runController(Object(App\Controllers\Home))
 3 SYSTEMPATH\CodeIgniter.php(351): CodeIgniter\CodeIgniter->handleRequest(null, Object(Config\Cache), false)
 4 FCPATH\index.php(55): CodeIgniter\CodeIgniter->run()
 5 SYSTEMPATH\Commands\Server\rewrite.php(43): require_once('FCPATH\\index.php')
CRITICAL - 2022-06-08 18:20:47 --> Class "App\Models\AuditoriaModel" not found
in APPPATH\Controllers\Home.php on line 108.
 1 SYSTEMPATH\CodeIgniter.php(898): App\Controllers\Home->deslogar('sasa')
 2 SYSTEMPATH\CodeIgniter.php(468): CodeIgniter\CodeIgniter->runController(Object(App\Controllers\Home))
 3 SYSTEMPATH\CodeIgniter.php(351): CodeIgniter\CodeIgniter->handleRequest(null, Object(Config\Cache), false)
 4 FCPATH\index.php(55): CodeIgniter\CodeIgniter->run()
 5 SYSTEMPATH\Commands\Server\rewrite.php(43): require_once('FCPATH\\index.php')
CRITICAL - 2022-06-08 18:20:56 --> Illegal offset type in unset
in SYSTEMPATH\Session\Session.php on line 534.
 1 APPPATH\Controllers\Home.php(117): CodeIgniter\Session\Session->remove([...])
 2 SYSTEMPATH\CodeIgniter.php(898): App\Controllers\Home->deslogar('sasa')
 3 SYSTEMPATH\CodeIgniter.php(468): CodeIgniter\CodeIgniter->runController(Object(App\Controllers\Home))
 4 SYSTEMPATH\CodeIgniter.php(351): CodeIgniter\CodeIgniter->handleRequest(null, Object(Config\Cache), false)
 5 FCPATH\index.php(55): CodeIgniter\CodeIgniter->run()
 6 SYSTEMPATH\Commands\Server\rewrite.php(43): require_once('FCPATH\\index.php')
CRITICAL - 2022-06-08 18:21:22 --> Illegal offset type in unset
in SYSTEMPATH\Session\Session.php on line 534.
 1 APPPATH\Controllers\Home.php(117): CodeIgniter\Session\Session->remove([...])
 2 SYSTEMPATH\CodeIgniter.php(898): App\Controllers\Home->deslogar('sasa')
 3 SYSTEMPATH\CodeIgniter.php(468): CodeIgniter\CodeIgniter->runController(Object(App\Controllers\Home))
 4 SYSTEMPATH\CodeIgniter.php(351): CodeIgniter\CodeIgniter->handleRequest(null, Object(Config\Cache), false)
 5 FCPATH\index.php(55): CodeIgniter\CodeIgniter->run()
 6 SYSTEMPATH\Commands\Server\rewrite.php(43): require_once('FCPATH\\index.php')
CRITICAL - 2022-06-08 18:22:45 --> Call to undefined method CodeIgniter\Session\Session::unset_userdata()
in APPPATH\Controllers\Home.php on line 117.
 1 SYSTEMPATH\CodeIgniter.php(898): App\Controllers\Home->deslogar('sasa')
 2 SYSTEMPATH\CodeIgniter.php(468): CodeIgniter\CodeIgniter->runController(Object(App\Controllers\Home))
 3 SYSTEMPATH\CodeIgniter.php(351): CodeIgniter\CodeIgniter->handleRequest(null, Object(Config\Cache), false)
 4 FCPATH\index.php(55): CodeIgniter\CodeIgniter->run()
 5 SYSTEMPATH\Commands\Server\rewrite.php(43): require_once('FCPATH\\index.php')
CRITICAL - 2022-06-08 18:22:57 --> Call to undefined method CodeIgniter\Session\Session::unset()
in APPPATH\Controllers\Home.php on line 117.
 1 SYSTEMPATH\CodeIgniter.php(898): App\Controllers\Home->deslogar('sasa')
 2 SYSTEMPATH\CodeIgniter.php(468): CodeIgniter\CodeIgniter->runController(Object(App\Controllers\Home))
 3 SYSTEMPATH\CodeIgniter.php(351): CodeIgniter\CodeIgniter->handleRequest(null, Object(Config\Cache), false)
 4 FCPATH\index.php(55): CodeIgniter\CodeIgniter->run()
 5 SYSTEMPATH\Commands\Server\rewrite.php(43): require_once('FCPATH\\index.php')
CRITICAL - 2022-06-08 18:24:09 --> Call to undefined method CodeIgniter\Session\Session::unset()
in APPPATH\Controllers\Home.php on line 117.
 1 SYSTEMPATH\CodeIgniter.php(898): App\Controllers\Home->deslogar('sasa')
 2 SYSTEMPATH\CodeIgniter.php(468): CodeIgniter\CodeIgniter->runController(Object(App\Controllers\Home))
 3 SYSTEMPATH\CodeIgniter.php(351): CodeIgniter\CodeIgniter->handleRequest(null, Object(Config\Cache), false)
 4 FCPATH\index.php(55): CodeIgniter\CodeIgniter->run()
 5 SYSTEMPATH\Commands\Server\rewrite.php(43): require_once('FCPATH\\index.php')
CRITICAL - 2022-06-08 18:24:55 --> Call to undefined method CodeIgniter\Session\Session::sess_destroy()
in APPPATH\Controllers\Home.php on line 117.
 1 SYSTEMPATH\CodeIgniter.php(898): App\Controllers\Home->deslogar('sasa')
 2 SYSTEMPATH\CodeIgniter.php(468): CodeIgniter\CodeIgniter->runController(Object(App\Controllers\Home))
 3 SYSTEMPATH\CodeIgniter.php(351): CodeIgniter\CodeIgniter->handleRequest(null, Object(Config\Cache), false)
 4 FCPATH\index.php(55): CodeIgniter\CodeIgniter->run()
 5 SYSTEMPATH\Commands\Server\rewrite.php(43): require_once('FCPATH\\index.php')
CRITICAL - 2022-06-08 18:25:04 --> Call to undefined method CodeIgniter\Session\Session::session_destroy()
in APPPATH\Controllers\Home.php on line 117.
 1 SYSTEMPATH\CodeIgniter.php(898): App\Controllers\Home->deslogar('sasa')
 2 SYSTEMPATH\CodeIgniter.php(468): CodeIgniter\CodeIgniter->runController(Object(App\Controllers\Home))
 3 SYSTEMPATH\CodeIgniter.php(351): CodeIgniter\CodeIgniter->handleRequest(null, Object(Config\Cache), false)
 4 FCPATH\index.php(55): CodeIgniter\CodeIgniter->run()
 5 SYSTEMPATH\Commands\Server\rewrite.php(43): require_once('FCPATH\\index.php')
CRITICAL - 2022-06-08 18:31:04 --> Trying to access array offset on value of type null
in APPPATH\Controllers\Home.php on line 89.
 1 APPPATH\Controllers\Home.php(89): CodeIgniter\Debug\Exceptions->errorHandler(2, 'Trying to access array offset on value of type null', 'APPPATH\\Controllers\\Home.php', 89)
 2 SYSTEMPATH\CodeIgniter.php(898): App\Controllers\Home->logar()
 3 SYSTEMPATH\CodeIgniter.php(468): CodeIgniter\CodeIgniter->runController(Object(App\Controllers\Home))
 4 SYSTEMPATH\CodeIgniter.php(351): CodeIgniter\CodeIgniter->handleRequest(null, Object(Config\Cache), false)
 5 FCPATH\index.php(55): CodeIgniter\CodeIgniter->run()
 6 SYSTEMPATH\Commands\Server\rewrite.php(43): require_once('FCPATH\\index.php')
CRITICAL - 2022-06-08 18:46:58 --> Undefined variable $contaCorrente
in APPPATH\Views\poupanca.php on line 12.
 1 APPPATH\Views\poupanca.php(12): CodeIgniter\Debug\Exceptions->errorHandler(2, 'Undefined variable $contaCorrente', 'APPPATH\\Views\\poupanca.php', 12)
 2 SYSTEMPATH\View\View.php(213): include('APPPATH\\Views\\poupanca.php')
 3 SYSTEMPATH\View\View.php(216): CodeIgniter\View\View->CodeIgniter\View\{closure}()
 4 SYSTEMPATH\Common.php(1135): CodeIgniter\View\View->render('poupanca', [], true)
 5 APPPATH\Controllers\Home.php(163): view('poupanca', [...])
 6 SYSTEMPATH\CodeIgniter.php(898): App\Controllers\Home->poupanca()
 7 SYSTEMPATH\CodeIgniter.php(468): CodeIgniter\CodeIgniter->runController(Object(App\Controllers\Home))
 8 SYSTEMPATH\CodeIgniter.php(351): CodeIgniter\CodeIgniter->handleRequest(null, Object(Config\Cache), false)
 9 FCPATH\index.php(55): CodeIgniter\CodeIgniter->run()
10 SYSTEMPATH\Commands\Server\rewrite.php(43): require_once('FCPATH\\index.php')
ERROR - 2022-06-08 18:55:13 --> Column 'username' cannot be null
ERROR - 2022-06-08 18:55:57 --> Column 'username' cannot be null
ERROR - 2022-06-08 18:56:18 --> Column 'username' cannot be null
ERROR - 2022-06-08 18:58:26 --> Column 'username' cannot be null
ERROR - 2022-06-08 18:58:35 --> Column 'username' cannot be null
CRITICAL - 2022-06-08 19:03:01 --> syntax error, unexpected token "}"
in APPPATH\Controllers\Home.php on line 204.
 1 SYSTEMPATH\Autoloader\Autoloader.php(261): CodeIgniter\Autoloader\Autoloader->includeFile('APPPATH\\Controllers\\Home.php')
 2 SYSTEMPATH\Autoloader\Autoloader.php(239): CodeIgniter\Autoloader\Autoloader->loadInNamespace('App\\Controllers\\Home')
 3 [internal function]: CodeIgniter\Autoloader\Autoloader->loadClass('App\\Controllers\\Home')
 4 SYSTEMPATH\CodeIgniter.php(848): class_exists('\\App\\Controllers\\Home', true)
 5 SYSTEMPATH\CodeIgniter.php(455): CodeIgniter\CodeIgniter->startController()
 6 SYSTEMPATH\CodeIgniter.php(351): CodeIgniter\CodeIgniter->handleRequest(null, Object(Config\Cache), false)
 7 FCPATH\index.php(55): CodeIgniter\CodeIgniter->run()
 8 SYSTEMPATH\Commands\Server\rewrite.php(43): require_once('FCPATH\\index.php')
CRITICAL - 2022-06-08 19:03:03 --> syntax error, unexpected token "}"
in APPPATH\Controllers\Home.php on line 204.
 1 SYSTEMPATH\Autoloader\Autoloader.php(261): CodeIgniter\Autoloader\Autoloader->includeFile('APPPATH\\Controllers\\Home.php')
 2 SYSTEMPATH\Autoloader\Autoloader.php(239): CodeIgniter\Autoloader\Autoloader->loadInNamespace('App\\Controllers\\Home')
 3 [internal function]: CodeIgniter\Autoloader\Autoloader->loadClass('App\\Controllers\\Home')
 4 SYSTEMPATH\CodeIgniter.php(848): class_exists('\\App\\Controllers\\Home', true)
 5 SYSTEMPATH\CodeIgniter.php(455): CodeIgniter\CodeIgniter->startController()
 6 SYSTEMPATH\CodeIgniter.php(351): CodeIgniter\CodeIgniter->handleRequest(null, Object(Config\Cache), false)
 7 FCPATH\index.php(55): CodeIgniter\CodeIgniter->run()
 8 SYSTEMPATH\Commands\Server\rewrite.php(43): require_once('FCPATH\\index.php')
CRITICAL - 2022-06-08 19:03:07 --> syntax error, unexpected token "}"
in APPPATH\Controllers\Home.php on line 204.
 1 SYSTEMPATH\Autoloader\Autoloader.php(261): CodeIgniter\Autoloader\Autoloader->includeFile('APPPATH\\Controllers\\Home.php')
 2 SYSTEMPATH\Autoloader\Autoloader.php(239): CodeIgniter\Autoloader\Autoloader->loadInNamespace('App\\Controllers\\Home')
 3 [internal function]: CodeIgniter\Autoloader\Autoloader->loadClass('App\\Controllers\\Home')
 4 SYSTEMPATH\CodeIgniter.php(848): class_exists('\\App\\Controllers\\Home', true)
 5 SYSTEMPATH\CodeIgniter.php(455): CodeIgniter\CodeIgniter->startController()
 6 SYSTEMPATH\CodeIgniter.php(351): CodeIgniter\CodeIgniter->handleRequest(null, Object(Config\Cache), false)
 7 FCPATH\index.php(55): CodeIgniter\CodeIgniter->run()
 8 SYSTEMPATH\Commands\Server\rewrite.php(43): require_once('FCPATH\\index.php')
ERROR - 2022-06-08 19:03:32 --> Column 'username' cannot be null
ERROR - 2022-06-08 19:03:38 --> Column 'username' cannot be null
ERROR - 2022-06-08 19:03:47 --> Column 'username' cannot be null
ERROR - 2022-06-08 19:04:17 --> Column 'username' cannot be null
ERROR - 2022-06-08 19:04:29 --> Column 'username' cannot be null
CRITICAL - 2022-06-08 19:05:28 --> Undefined array key 0
in APPPATH\Models\AccountModel.php on line 63.
 1 APPPATH\Models\AccountModel.php(63): CodeIgniter\Debug\Exceptions->errorHandler(2, 'Undefined array key 0', 'APPPATH\\Models\\AccountModel.php', 63)
 2 APPPATH\Controllers\Home.php(186): App\Models\AccountModel->getSavingAccount('luquitos')
 3 SYSTEMPATH\CodeIgniter.php(898): App\Controllers\Home->poupancaaplicar()
 4 SYSTEMPATH\CodeIgniter.php(468): CodeIgniter\CodeIgniter->runController(Object(App\Controllers\Home))
 5 SYSTEMPATH\CodeIgniter.php(351): CodeIgniter\CodeIgniter->handleRequest(null, Object(Config\Cache), false)
 6 FCPATH\index.php(55): CodeIgniter\CodeIgniter->run()
 7 SYSTEMPATH\Commands\Server\rewrite.php(43): require_once('FCPATH\\index.php')
ERROR - 2022-06-08 19:06:11 --> Column 'username' cannot be null
ERROR - 2022-06-08 19:07:23 --> Column 'username' cannot be null
CRITICAL - 2022-06-08 19:07:52 --> syntax error, unexpected token "if"
in APPPATH\Controllers\Home.php on line 190.
 1 SYSTEMPATH\Autoloader\Autoloader.php(261): CodeIgniter\Autoloader\Autoloader->includeFile('APPPATH\\Controllers\\Home.php')
 2 SYSTEMPATH\Autoloader\Autoloader.php(239): CodeIgniter\Autoloader\Autoloader->loadInNamespace('App\\Controllers\\Home')
 3 [internal function]: CodeIgniter\Autoloader\Autoloader->loadClass('App\\Controllers\\Home')
 4 SYSTEMPATH\CodeIgniter.php(848): class_exists('\\App\\Controllers\\Home', true)
 5 SYSTEMPATH\CodeIgniter.php(455): CodeIgniter\CodeIgniter->startController()
 6 SYSTEMPATH\CodeIgniter.php(351): CodeIgniter\CodeIgniter->handleRequest(null, Object(Config\Cache), false)
 7 FCPATH\index.php(55): CodeIgniter\CodeIgniter->run()
 8 SYSTEMPATH\Commands\Server\rewrite.php(43): require_once('FCPATH\\index.php')
CRITICAL - 2022-06-08 19:07:54 --> syntax error, unexpected token "if"
in APPPATH\Controllers\Home.php on line 190.
 1 SYSTEMPATH\Autoloader\Autoloader.php(261): CodeIgniter\Autoloader\Autoloader->includeFile('APPPATH\\Controllers\\Home.php')
 2 SYSTEMPATH\Autoloader\Autoloader.php(239): CodeIgniter\Autoloader\Autoloader->loadInNamespace('App\\Controllers\\Home')
 3 [internal function]: CodeIgniter\Autoloader\Autoloader->loadClass('App\\Controllers\\Home')
 4 SYSTEMPATH\CodeIgniter.php(848): class_exists('\\App\\Controllers\\Home', true)
 5 SYSTEMPATH\CodeIgniter.php(455): CodeIgniter\CodeIgniter->startController()
 6 SYSTEMPATH\CodeIgniter.php(351): CodeIgniter\CodeIgniter->handleRequest(null, Object(Config\Cache), false)
 7 FCPATH\index.php(55): CodeIgniter\CodeIgniter->run()
 8 SYSTEMPATH\Commands\Server\rewrite.php(43): require_once('FCPATH\\index.php')
CRITICAL - 2022-06-08 19:07:55 --> syntax error, unexpected token "=", expecting "]"
in APPPATH\Controllers\Home.php on line 179.
 1 SYSTEMPATH\Autoloader\Autoloader.php(261): CodeIgniter\Autoloader\Autoloader->includeFile('APPPATH\\Controllers\\Home.php')
 2 SYSTEMPATH\Autoloader\Autoloader.php(239): CodeIgniter\Autoloader\Autoloader->loadInNamespace('App\\Controllers\\Home')
 3 [internal function]: CodeIgniter\Autoloader\Autoloader->loadClass('App\\Controllers\\Home')
 4 SYSTEMPATH\CodeIgniter.php(848): class_exists('\\App\\Controllers\\Home', true)
 5 SYSTEMPATH\CodeIgniter.php(455): CodeIgniter\CodeIgniter->startController()
 6 SYSTEMPATH\CodeIgniter.php(351): CodeIgniter\CodeIgniter->handleRequest(null, Object(Config\Cache), false)
 7 FCPATH\index.php(55): CodeIgniter\CodeIgniter->run()
 8 SYSTEMPATH\Commands\Server\rewrite.php(43): require_once('FCPATH\\index.php')
CRITICAL - 2022-06-08 19:08:40 --> Trying to access array offset on value of type null
in APPPATH\Controllers\Home.php on line 179.
 1 APPPATH\Controllers\Home.php(179): CodeIgniter\Debug\Exceptions->errorHandler(2, 'Trying to access array offset on value of type null', 'APPPATH\\Controllers\\Home.php', 179)
 2 SYSTEMPATH\CodeIgniter.php(898): App\Controllers\Home->poupanca()
 3 SYSTEMPATH\CodeIgniter.php(468): CodeIgniter\CodeIgniter->runController(Object(App\Controllers\Home))
 4 SYSTEMPATH\CodeIgniter.php(351): CodeIgniter\CodeIgniter->handleRequest(null, Object(Config\Cache), false)
 5 FCPATH\index.php(55): CodeIgniter\CodeIgniter->run()
 6 SYSTEMPATH\Commands\Server\rewrite.php(43): require_once('FCPATH\\index.php')
ERROR - 2022-06-08 19:09:20 --> Column 'username' cannot be null
CRITICAL - 2022-06-08 19:09:41 --> Trying to access array offset on value of type null
in APPPATH\Controllers\Home.php on line 190.
 1 APPPATH\Controllers\Home.php(190): CodeIgniter\Debug\Exceptions->errorHandler(2, 'Trying to access array offset on value of type null', 'APPPATH\\Controllers\\Home.php', 190)
 2 SYSTEMPATH\CodeIgniter.php(898): App\Controllers\Home->poupancaaplicar()
 3 SYSTEMPATH\CodeIgniter.php(468): CodeIgniter\CodeIgniter->runController(Object(App\Controllers\Home))
 4 SYSTEMPATH\CodeIgniter.php(351): CodeIgniter\CodeIgniter->handleRequest(null, Object(Config\Cache), false)
 5 FCPATH\index.php(55): CodeIgniter\CodeIgniter->run()
 6 SYSTEMPATH\Commands\Server\rewrite.php(43): require_once('FCPATH\\index.php')
ERROR - 2022-06-08 19:10:11 --> Column 'username' cannot be null
ERROR - 2022-06-08 19:10:25 --> Column 'username' cannot be null
CRITICAL - 2022-06-08 19:10:55 --> Undefined array key 0
in APPPATH\Models\AccountModel.php on line 63.
 1 APPPATH\Models\AccountModel.php(63): CodeIgniter\Debug\Exceptions->errorHandler(2, 'Undefined array key 0', 'APPPATH\\Models\\AccountModel.php', 63)
 2 APPPATH\Controllers\Home.php(188): App\Models\AccountModel->getSavingAccount('luquitos')
 3 SYSTEMPATH\CodeIgniter.php(898): App\Controllers\Home->poupancaaplicar()
 4 SYSTEMPATH\CodeIgniter.php(468): CodeIgniter\CodeIgniter->runController(Object(App\Controllers\Home))
 5 SYSTEMPATH\CodeIgniter.php(351): CodeIgniter\CodeIgniter->handleRequest(null, Object(Config\Cache), false)
 6 FCPATH\index.php(55): CodeIgniter\CodeIgniter->run()
 7 SYSTEMPATH\Commands\Server\rewrite.php(43): require_once('FCPATH\\index.php')
ERROR - 2022-06-08 19:11:01 --> Column 'username' cannot be null
ERROR - 2022-06-08 19:11:07 --> Column 'username' cannot be null
ERROR - 2022-06-08 19:11:51 --> Column 'username' cannot be null
ERROR - 2022-06-08 19:12:48 --> Operand should contain 1 column(s)
ERROR - 2022-06-08 19:13:14 --> Operand should contain 1 column(s)
CRITICAL - 2022-06-08 19:17:34 --> Trying to access array offset on value of type null
in APPPATH\Controllers\Home.php on line 177.
 1 APPPATH\Controllers\Home.php(177): CodeIgniter\Debug\Exceptions->errorHandler(2, 'Trying to access array offset on value of type null', 'APPPATH\\Controllers\\Home.php', 177)
 2 SYSTEMPATH\CodeIgniter.php(898): App\Controllers\Home->poupanca()
 3 SYSTEMPATH\CodeIgniter.php(468): CodeIgniter\CodeIgniter->runController(Object(App\Controllers\Home))
 4 SYSTEMPATH\CodeIgniter.php(351): CodeIgniter\CodeIgniter->handleRequest(null, Object(Config\Cache), false)
 5 FCPATH\index.php(55): CodeIgniter\CodeIgniter->run()
 6 SYSTEMPATH\Commands\Server\rewrite.php(43): require_once('FCPATH\\index.php')
ERROR - 2022-06-08 19:35:05 --> Column 'valor' cannot be null
ERROR - 2022-06-08 19:35:05 --> Column 'valor' cannot be null
ERROR - 2022-06-08 19:37:11 --> Column 'valor' cannot be null
ERROR - 2022-06-08 19:37:11 --> Column 'valor' cannot be null
ERROR - 2022-06-08 19:37:42 --> Column 'valor' cannot be null
ERROR - 2022-06-08 19:37:42 --> Column 'valor' cannot be null
ERROR - 2022-06-08 19:37:43 --> Column 'valor' cannot be null
ERROR - 2022-06-08 19:37:43 --> Column 'valor' cannot be null
ERROR - 2022-06-08 19:37:45 --> Column 'valor' cannot be null
ERROR - 2022-06-08 19:37:45 --> Column 'valor' cannot be null
ERROR - 2022-06-08 19:37:47 --> Column 'valor' cannot be null
ERROR - 2022-06-08 19:37:47 --> Column 'valor' cannot be null
ERROR - 2022-06-08 19:37:50 --> Column 'valor' cannot be null
ERROR - 2022-06-08 19:37:50 --> Column 'valor' cannot be null
ERROR - 2022-06-08 19:37:52 --> Column 'valor' cannot be null
ERROR - 2022-06-08 19:37:52 --> Column 'valor' cannot be null
ERROR - 2022-06-08 19:38:14 --> Column 'valor' cannot be null
ERROR - 2022-06-08 19:38:14 --> Column 'valor' cannot be null
ERROR - 2022-06-08 19:38:40 --> Column 'valor' cannot be null
ERROR - 2022-06-08 19:38:40 --> Column 'valor' cannot be null
ERROR - 2022-06-08 19:39:09 --> Column 'valor' cannot be null
ERROR - 2022-06-08 19:39:09 --> Column 'valor' cannot be null
ERROR - 2022-06-08 19:39:50 --> Column 'valor' cannot be null
ERROR - 2022-06-08 19:39:50 --> Column 'valor' cannot be null
ERROR - 2022-06-08 19:41:19 --> Column 'valor' cannot be null
ERROR - 2022-06-08 19:41:19 --> Column 'valor' cannot be null
ERROR - 2022-06-08 19:42:07 --> Column 'valor' cannot be null
ERROR - 2022-06-08 19:42:07 --> Column 'valor' cannot be null
ERROR - 2022-06-08 19:42:15 --> Column 'valor' cannot be null
ERROR - 2022-06-08 19:42:15 --> Column 'valor' cannot be null
ERROR - 2022-06-08 19:50:29 --> Column 'valor' cannot be null
ERROR - 2022-06-08 19:50:29 --> Column 'valor' cannot be null
