CRITICAL - 2022-06-09 17:30:43 --> Undefined array key 0
in APPPATH\Models\AccountModel.php on line 63.
 1 APPPATH\Models\AccountModel.php(63): CodeIgniter\Debug\Exceptions->errorHandler(2, 'Undefined array key 0', 'APPPATH\\Models\\AccountModel.php', 63)
 2 APPPATH\Controllers\Home.php(176): App\Models\AccountModel->getSavingAccount('luquitos')
 3 SYSTEMPATH\CodeIgniter.php(898): App\Controllers\Home->poupanca()
 4 SYSTEMPATH\CodeIgniter.php(468): CodeIgniter\CodeIgniter->runController(Object(App\Controllers\Home))
 5 SYSTEMPATH\CodeIgniter.php(351): CodeIgniter\CodeIgniter->handleRequest(null, Object(Config\Cache), false)
 6 FCPATH\index.php(55): CodeIgniter\CodeIgniter->run()
 7 SYSTEMPATH\Commands\Server\rewrite.php(43): require_once('FCPATH\\index.php')
CRITICAL - 2022-06-09 17:32:19 --> Undefined array key 0
in APPPATH\Models\AccountModel.php on line 63.
 1 APPPATH\Models\AccountModel.php(63): CodeIgniter\Debug\Exceptions->errorHandler(2, 'Undefined array key 0', 'APPPATH\\Models\\AccountModel.php', 63)
 2 APPPATH\Controllers\Home.php(176): App\Models\AccountModel->getSavingAccount('luquitos')
 3 SYSTEMPATH\CodeIgniter.php(898): App\Controllers\Home->poupanca()
 4 SYSTEMPATH\CodeIgniter.php(468): CodeIgniter\CodeIgniter->runController(Object(App\Controllers\Home))
 5 SYSTEMPATH\CodeIgniter.php(351): CodeIgniter\CodeIgniter->handleRequest(null, Object(Config\Cache), false)
 6 FCPATH\index.php(55): CodeIgniter\CodeIgniter->run()
 7 SYSTEMPATH\Commands\Server\rewrite.php(43): require_once('FCPATH\\index.php')
CRITICAL - 2022-06-09 17:34:16 --> Undefined array key "saldo"
in APPPATH\Controllers\Home.php on line 177.
 1 APPPATH\Controllers\Home.php(177): CodeIgniter\Debug\Exceptions->errorHandler(2, 'Undefined array key "saldo"', 'APPPATH\\Controllers\\Home.php', 177)
 2 SYSTEMPATH\CodeIgniter.php(898): App\Controllers\Home->poupanca()
 3 SYSTEMPATH\CodeIgniter.php(468): CodeIgniter\CodeIgniter->runController(Object(App\Controllers\Home))
 4 SYSTEMPATH\CodeIgniter.php(351): CodeIgniter\CodeIgniter->handleRequest(null, Object(Config\Cache), false)
 5 FCPATH\index.php(55): CodeIgniter\CodeIgniter->run()
 6 SYSTEMPATH\Commands\Server\rewrite.php(43): require_once('FCPATH\\index.php')
CRITICAL - 2022-06-09 17:34:46 --> Undefined array key 0
in APPPATH\Models\AccountModel.php on line 62.
 1 APPPATH\Models\AccountModel.php(62): CodeIgniter\Debug\Exceptions->errorHandler(2, 'Undefined array key 0', 'APPPATH\\Models\\AccountModel.php', 62)
 2 APPPATH\Controllers\Home.php(176): App\Models\AccountModel->getSavingAccount('luquitos')
 3 SYSTEMPATH\CodeIgniter.php(898): App\Controllers\Home->poupanca()
 4 SYSTEMPATH\CodeIgniter.php(468): CodeIgniter\CodeIgniter->runController(Object(App\Controllers\Home))
 5 SYSTEMPATH\CodeIgniter.php(351): CodeIgniter\CodeIgniter->handleRequest(null, Object(Config\Cache), false)
 6 FCPATH\index.php(55): CodeIgniter\CodeIgniter->run()
 7 SYSTEMPATH\Commands\Server\rewrite.php(43): require_once('FCPATH\\index.php')
CRITICAL - 2022-06-09 17:35:35 --> Undefined array key 0
in APPPATH\Models\AccountModel.php on line 62.
 1 APPPATH\Models\AccountModel.php(62): CodeIgniter\Debug\Exceptions->errorHandler(2, 'Undefined array key 0', 'APPPATH\\Models\\AccountModel.php', 62)
 2 APPPATH\Controllers\Home.php(176): App\Models\AccountModel->getSavingAccount('luquitos')
 3 SYSTEMPATH\CodeIgniter.php(898): App\Controllers\Home->poupanca()
 4 SYSTEMPATH\CodeIgniter.php(468): CodeIgniter\CodeIgniter->runController(Object(App\Controllers\Home))
 5 SYSTEMPATH\CodeIgniter.php(351): CodeIgniter\CodeIgniter->handleRequest(null, Object(Config\Cache), false)
 6 FCPATH\index.php(55): CodeIgniter\CodeIgniter->run()
 7 SYSTEMPATH\Commands\Server\rewrite.php(43): require_once('FCPATH\\index.php')
CRITICAL - 2022-06-09 17:36:55 --> Undefined array key 0
in APPPATH\Models\AccountModel.php on line 62.
 1 APPPATH\Models\AccountModel.php(62): CodeIgniter\Debug\Exceptions->errorHandler(2, 'Undefined array key 0', 'APPPATH\\Models\\AccountModel.php', 62)
 2 APPPATH\Controllers\Home.php(176): App\Models\AccountModel->getSavingAccount('luquitos')
 3 SYSTEMPATH\CodeIgniter.php(898): App\Controllers\Home->poupanca()
 4 SYSTEMPATH\CodeIgniter.php(468): CodeIgniter\CodeIgniter->runController(Object(App\Controllers\Home))
 5 SYSTEMPATH\CodeIgniter.php(351): CodeIgniter\CodeIgniter->handleRequest(null, Object(Config\Cache), false)
 6 FCPATH\index.php(55): CodeIgniter\CodeIgniter->run()
 7 SYSTEMPATH\Commands\Server\rewrite.php(43): require_once('FCPATH\\index.php')
CRITICAL - 2022-06-09 17:47:33 --> Undefined array key 0
in APPPATH\Models\AccountModel.php on line 25.
 1 APPPATH\Models\AccountModel.php(25): CodeIgniter\Debug\Exceptions->errorHandler(2, 'Undefined array key 0', 'APPPATH\\Models\\AccountModel.php', 25)
 2 APPPATH\Controllers\Home.php(413): App\Models\AccountModel->getSaldo('2573285378')
 3 SYSTEMPATH\CodeIgniter.php(898): App\Controllers\Home->transferir()
 4 SYSTEMPATH\CodeIgniter.php(468): CodeIgniter\CodeIgniter->runController(Object(App\Controllers\Home))
 5 SYSTEMPATH\CodeIgniter.php(351): CodeIgniter\CodeIgniter->handleRequest(null, Object(Config\Cache), false)
 6 FCPATH\index.php(55): CodeIgniter\CodeIgniter->run()
 7 SYSTEMPATH\Commands\Server\rewrite.php(43): require_once('FCPATH\\index.php')
CRITICAL - 2022-06-09 17:48:07 --> Undefined array key 0
in APPPATH\Models\AccountModel.php on line 25.
 1 APPPATH\Models\AccountModel.php(25): CodeIgniter\Debug\Exceptions->errorHandler(2, 'Undefined array key 0', 'APPPATH\\Models\\AccountModel.php', 25)
 2 APPPATH\Controllers\Home.php(413): App\Models\AccountModel->getSaldo('42554327')
 3 SYSTEMPATH\CodeIgniter.php(898): App\Controllers\Home->transferir()
 4 SYSTEMPATH\CodeIgniter.php(468): CodeIgniter\CodeIgniter->runController(Object(App\Controllers\Home))
 5 SYSTEMPATH\CodeIgniter.php(351): CodeIgniter\CodeIgniter->handleRequest(null, Object(Config\Cache), false)
 6 FCPATH\index.php(55): CodeIgniter\CodeIgniter->run()
 7 SYSTEMPATH\Commands\Server\rewrite.php(43): require_once('FCPATH\\index.php')
CRITICAL - 2022-06-09 17:48:50 --> Undefined array key 0
in APPPATH\Models\AccountModel.php on line 25.
 1 APPPATH\Models\AccountModel.php(25): CodeIgniter\Debug\Exceptions->errorHandler(2, 'Undefined array key 0', 'APPPATH\\Models\\AccountModel.php', 25)
 2 APPPATH\Controllers\Home.php(413): App\Models\AccountModel->getSaldo('5545')
 3 SYSTEMPATH\CodeIgniter.php(898): App\Controllers\Home->transferir()
 4 SYSTEMPATH\CodeIgniter.php(468): CodeIgniter\CodeIgniter->runController(Object(App\Controllers\Home))
 5 SYSTEMPATH\CodeIgniter.php(351): CodeIgniter\CodeIgniter->handleRequest(null, Object(Config\Cache), false)
 6 FCPATH\index.php(55): CodeIgniter\CodeIgniter->run()
 7 SYSTEMPATH\Commands\Server\rewrite.php(43): require_once('FCPATH\\index.php')
CRITICAL - 2022-06-09 17:49:47 --> Undefined array key 0
in APPPATH\Models\AccountModel.php on line 25.
 1 APPPATH\Models\AccountModel.php(25): CodeIgniter\Debug\Exceptions->errorHandler(2, 'Undefined array key 0', 'APPPATH\\Models\\AccountModel.php', 25)
 2 APPPATH\Controllers\Home.php(413): App\Models\AccountModel->getSaldo('6')
 3 SYSTEMPATH\CodeIgniter.php(898): App\Controllers\Home->transferir()
 4 SYSTEMPATH\CodeIgniter.php(468): CodeIgniter\CodeIgniter->runController(Object(App\Controllers\Home))
 5 SYSTEMPATH\CodeIgniter.php(351): CodeIgniter\CodeIgniter->handleRequest(null, Object(Config\Cache), false)
 6 FCPATH\index.php(55): CodeIgniter\CodeIgniter->run()
 7 SYSTEMPATH\Commands\Server\rewrite.php(43): require_once('FCPATH\\index.php')
CRITICAL - 2022-06-09 17:49:51 --> Undefined array key 0
in APPPATH\Models\AccountModel.php on line 25.
 1 APPPATH\Models\AccountModel.php(25): CodeIgniter\Debug\Exceptions->errorHandler(2, 'Undefined array key 0', 'APPPATH\\Models\\AccountModel.php', 25)
 2 APPPATH\Controllers\Home.php(413): App\Models\AccountModel->getSaldo('6')
 3 SYSTEMPATH\CodeIgniter.php(898): App\Controllers\Home->transferir()
 4 SYSTEMPATH\CodeIgniter.php(468): CodeIgniter\CodeIgniter->runController(Object(App\Controllers\Home))
 5 SYSTEMPATH\CodeIgniter.php(351): CodeIgniter\CodeIgniter->handleRequest(null, Object(Config\Cache), false)
 6 FCPATH\index.php(55): CodeIgniter\CodeIgniter->run()
 7 SYSTEMPATH\Commands\Server\rewrite.php(43): require_once('FCPATH\\index.php')
CRITICAL - 2022-06-09 17:49:56 --> Undefined array key 0
in APPPATH\Models\AccountModel.php on line 25.
 1 APPPATH\Models\AccountModel.php(25): CodeIgniter\Debug\Exceptions->errorHandler(2, 'Undefined array key 0', 'APPPATH\\Models\\AccountModel.php', 25)
 2 APPPATH\Controllers\Home.php(413): App\Models\AccountModel->getSaldo('87527857')
 3 SYSTEMPATH\CodeIgniter.php(898): App\Controllers\Home->transferir()
 4 SYSTEMPATH\CodeIgniter.php(468): CodeIgniter\CodeIgniter->runController(Object(App\Controllers\Home))
 5 SYSTEMPATH\CodeIgniter.php(351): CodeIgniter\CodeIgniter->handleRequest(null, Object(Config\Cache), false)
 6 FCPATH\index.php(55): CodeIgniter\CodeIgniter->run()
 7 SYSTEMPATH\Commands\Server\rewrite.php(43): require_once('FCPATH\\index.php')
CRITICAL - 2022-06-09 18:56:47 --> Undefined variable $username
in APPPATH\Views\extratos.php on line 103.
 1 APPPATH\Views\extratos.php(103): CodeIgniter\Debug\Exceptions->errorHandler(2, 'Undefined variable $username', 'APPPATH\\Views\\extratos.php', 103)
 2 SYSTEMPATH\View\View.php(213): include('APPPATH\\Views\\extratos.php')
 3 SYSTEMPATH\View\View.php(216): CodeIgniter\View\View->CodeIgniter\View\{closure}()
 4 SYSTEMPATH\Common.php(1135): CodeIgniter\View\View->render('extratos', [], true)
 5 APPPATH\Controllers\Home.php(164): view('extratos', [...])
 6 SYSTEMPATH\CodeIgniter.php(898): App\Controllers\Home->extratos()
 7 SYSTEMPATH\CodeIgniter.php(468): CodeIgniter\CodeIgniter->runController(Object(App\Controllers\Home))
 8 SYSTEMPATH\CodeIgniter.php(351): CodeIgniter\CodeIgniter->handleRequest(null, Object(Config\Cache), false)
 9 FCPATH\index.php(55): CodeIgniter\CodeIgniter->run()
10 SYSTEMPATH\Commands\Server\rewrite.php(43): require_once('FCPATH\\index.php')
CRITICAL - 2022-06-09 18:58:23 --> Undefined variable $username
in APPPATH\Views\pagamentos.php on line 65.
 1 APPPATH\Views\pagamentos.php(65): CodeIgniter\Debug\Exceptions->errorHandler(2, 'Undefined variable $username', 'APPPATH\\Views\\pagamentos.php', 65)
 2 SYSTEMPATH\View\View.php(213): include('APPPATH\\Views\\pagamentos.php')
 3 SYSTEMPATH\View\View.php(216): CodeIgniter\View\View->CodeIgniter\View\{closure}()
 4 SYSTEMPATH\Common.php(1135): CodeIgniter\View\View->render('pagamentos', [], true)
 5 APPPATH\Controllers\Home.php(173): view('pagamentos', [...])
 6 SYSTEMPATH\CodeIgniter.php(898): App\Controllers\Home->pagamentos()
 7 SYSTEMPATH\CodeIgniter.php(468): CodeIgniter\CodeIgniter->runController(Object(App\Controllers\Home))
 8 SYSTEMPATH\CodeIgniter.php(351): CodeIgniter\CodeIgniter->handleRequest(null, Object(Config\Cache), false)
 9 FCPATH\index.php(55): CodeIgniter\CodeIgniter->run()
10 SYSTEMPATH\Commands\Server\rewrite.php(43): require_once('FCPATH\\index.php')
CRITICAL - 2022-06-09 18:59:11 --> Undefined variable $username
in APPPATH\Views\pagamentos.php on line 65.
 1 APPPATH\Views\pagamentos.php(65): CodeIgniter\Debug\Exceptions->errorHandler(2, 'Undefined variable $username', 'APPPATH\\Views\\pagamentos.php', 65)
 2 SYSTEMPATH\View\View.php(213): include('APPPATH\\Views\\pagamentos.php')
 3 SYSTEMPATH\View\View.php(216): CodeIgniter\View\View->CodeIgniter\View\{closure}()
 4 SYSTEMPATH\Common.php(1135): CodeIgniter\View\View->render('pagamentos', [], true)
 5 APPPATH\Controllers\Home.php(173): view('pagamentos', [...])
 6 SYSTEMPATH\CodeIgniter.php(898): App\Controllers\Home->pagamentos()
 7 SYSTEMPATH\CodeIgniter.php(468): CodeIgniter\CodeIgniter->runController(Object(App\Controllers\Home))
 8 SYSTEMPATH\CodeIgniter.php(351): CodeIgniter\CodeIgniter->handleRequest(null, Object(Config\Cache), false)
 9 FCPATH\index.php(55): CodeIgniter\CodeIgniter->run()
10 SYSTEMPATH\Commands\Server\rewrite.php(43): require_once('FCPATH\\index.php')
CRITICAL - 2022-06-09 18:59:51 --> Undefined variable $username
in APPPATH\Views\pagamentos.php on line 65.
 1 APPPATH\Views\pagamentos.php(65): CodeIgniter\Debug\Exceptions->errorHandler(2, 'Undefined variable $username', 'APPPATH\\Views\\pagamentos.php', 65)
 2 SYSTEMPATH\View\View.php(213): include('APPPATH\\Views\\pagamentos.php')
 3 SYSTEMPATH\View\View.php(216): CodeIgniter\View\View->CodeIgniter\View\{closure}()
 4 SYSTEMPATH\Common.php(1135): CodeIgniter\View\View->render('pagamentos', [], true)
 5 APPPATH\Controllers\Home.php(173): view('pagamentos', [...])
 6 SYSTEMPATH\CodeIgniter.php(898): App\Controllers\Home->pagamentos()
 7 SYSTEMPATH\CodeIgniter.php(468): CodeIgniter\CodeIgniter->runController(Object(App\Controllers\Home))
 8 SYSTEMPATH\CodeIgniter.php(351): CodeIgniter\CodeIgniter->handleRequest(null, Object(Config\Cache), false)
 9 FCPATH\index.php(55): CodeIgniter\CodeIgniter->run()
10 SYSTEMPATH\Commands\Server\rewrite.php(43): require_once('FCPATH\\index.php')
CRITICAL - 2022-06-09 19:00:32 --> Array to string conversion
in APPPATH\Views\pagamentos.php on line 65.
 1 APPPATH\Views\pagamentos.php(65): CodeIgniter\Debug\Exceptions->errorHandler(2, 'Array to string conversion', 'APPPATH\\Views\\pagamentos.php', 65)
 2 SYSTEMPATH\View\View.php(213): include('APPPATH\\Views\\pagamentos.php')
 3 SYSTEMPATH\View\View.php(216): CodeIgniter\View\View->CodeIgniter\View\{closure}()
 4 SYSTEMPATH\Common.php(1135): CodeIgniter\View\View->render('pagamentos', [], true)
 5 APPPATH\Controllers\Home.php(173): view('pagamentos', [...])
 6 SYSTEMPATH\CodeIgniter.php(898): App\Controllers\Home->pagamentos()
 7 SYSTEMPATH\CodeIgniter.php(468): CodeIgniter\CodeIgniter->runController(Object(App\Controllers\Home))
 8 SYSTEMPATH\CodeIgniter.php(351): CodeIgniter\CodeIgniter->handleRequest(null, Object(Config\Cache), false)
 9 FCPATH\index.php(55): CodeIgniter\CodeIgniter->run()
10 SYSTEMPATH\Commands\Server\rewrite.php(43): require_once('FCPATH\\index.php')
CRITICAL - 2022-06-09 19:00:36 --> Array to string conversion
in APPPATH\Views\pagamentos.php on line 65.
 1 APPPATH\Views\pagamentos.php(65): CodeIgniter\Debug\Exceptions->errorHandler(2, 'Array to string conversion', 'APPPATH\\Views\\pagamentos.php', 65)
 2 SYSTEMPATH\View\View.php(213): include('APPPATH\\Views\\pagamentos.php')
 3 SYSTEMPATH\View\View.php(216): CodeIgniter\View\View->CodeIgniter\View\{closure}()
 4 SYSTEMPATH\Common.php(1135): CodeIgniter\View\View->render('pagamentos', [], true)
 5 APPPATH\Controllers\Home.php(173): view('pagamentos', [...])
 6 SYSTEMPATH\CodeIgniter.php(898): App\Controllers\Home->pagamentos()
 7 SYSTEMPATH\CodeIgniter.php(468): CodeIgniter\CodeIgniter->runController(Object(App\Controllers\Home))
 8 SYSTEMPATH\CodeIgniter.php(351): CodeIgniter\CodeIgniter->handleRequest(null, Object(Config\Cache), false)
 9 FCPATH\index.php(55): CodeIgniter\CodeIgniter->run()
10 SYSTEMPATH\Commands\Server\rewrite.php(43): require_once('FCPATH\\index.php')
CRITICAL - 2022-06-09 19:01:02 --> Array to string conversion
in APPPATH\Views\pagamentos.php on line 66.
 1 APPPATH\Views\pagamentos.php(66): CodeIgniter\Debug\Exceptions->errorHandler(2, 'Array to string conversion', 'APPPATH\\Views\\pagamentos.php', 66)
 2 SYSTEMPATH\View\View.php(213): include('APPPATH\\Views\\pagamentos.php')
 3 SYSTEMPATH\View\View.php(216): CodeIgniter\View\View->CodeIgniter\View\{closure}()
 4 SYSTEMPATH\Common.php(1135): CodeIgniter\View\View->render('pagamentos', [], true)
 5 APPPATH\Controllers\Home.php(173): view('pagamentos', [...])
 6 SYSTEMPATH\CodeIgniter.php(898): App\Controllers\Home->pagamentos()
 7 SYSTEMPATH\CodeIgniter.php(468): CodeIgniter\CodeIgniter->runController(Object(App\Controllers\Home))
 8 SYSTEMPATH\CodeIgniter.php(351): CodeIgniter\CodeIgniter->handleRequest(null, Object(Config\Cache), false)
 9 FCPATH\index.php(55): CodeIgniter\CodeIgniter->run()
10 SYSTEMPATH\Commands\Server\rewrite.php(43): require_once('FCPATH\\index.php')
CRITICAL - 2022-06-09 19:01:03 --> Array to string conversion
in APPPATH\Views\pagamentos.php on line 66.
 1 APPPATH\Views\pagamentos.php(66): CodeIgniter\Debug\Exceptions->errorHandler(2, 'Array to string conversion', 'APPPATH\\Views\\pagamentos.php', 66)
 2 SYSTEMPATH\View\View.php(213): include('APPPATH\\Views\\pagamentos.php')
 3 SYSTEMPATH\View\View.php(216): CodeIgniter\View\View->CodeIgniter\View\{closure}()
 4 SYSTEMPATH\Common.php(1135): CodeIgniter\View\View->render('pagamentos', [], true)
 5 APPPATH\Controllers\Home.php(173): view('pagamentos', [...])
 6 SYSTEMPATH\CodeIgniter.php(898): App\Controllers\Home->pagamentos()
 7 SYSTEMPATH\CodeIgniter.php(468): CodeIgniter\CodeIgniter->runController(Object(App\Controllers\Home))
 8 SYSTEMPATH\CodeIgniter.php(351): CodeIgniter\CodeIgniter->handleRequest(null, Object(Config\Cache), false)
 9 FCPATH\index.php(55): CodeIgniter\CodeIgniter->run()
10 SYSTEMPATH\Commands\Server\rewrite.php(43): require_once('FCPATH\\index.php')
CRITICAL - 2022-06-09 19:01:03 --> Array to string conversion
in APPPATH\Views\pagamentos.php on line 66.
 1 APPPATH\Views\pagamentos.php(66): CodeIgniter\Debug\Exceptions->errorHandler(2, 'Array to string conversion', 'APPPATH\\Views\\pagamentos.php', 66)
 2 SYSTEMPATH\View\View.php(213): include('APPPATH\\Views\\pagamentos.php')
 3 SYSTEMPATH\View\View.php(216): CodeIgniter\View\View->CodeIgniter\View\{closure}()
 4 SYSTEMPATH\Common.php(1135): CodeIgniter\View\View->render('pagamentos', [], true)
 5 APPPATH\Controllers\Home.php(173): view('pagamentos', [...])
 6 SYSTEMPATH\CodeIgniter.php(898): App\Controllers\Home->pagamentos()
 7 SYSTEMPATH\CodeIgniter.php(468): CodeIgniter\CodeIgniter->runController(Object(App\Controllers\Home))
 8 SYSTEMPATH\CodeIgniter.php(351): CodeIgniter\CodeIgniter->handleRequest(null, Object(Config\Cache), false)
 9 FCPATH\index.php(55): CodeIgniter\CodeIgniter->run()
10 SYSTEMPATH\Commands\Server\rewrite.php(43): require_once('FCPATH\\index.php')
CRITICAL - 2022-06-09 19:01:03 --> Array to string conversion
in APPPATH\Views\pagamentos.php on line 66.
 1 APPPATH\Views\pagamentos.php(66): CodeIgniter\Debug\Exceptions->errorHandler(2, 'Array to string conversion', 'APPPATH\\Views\\pagamentos.php', 66)
 2 SYSTEMPATH\View\View.php(213): include('APPPATH\\Views\\pagamentos.php')
 3 SYSTEMPATH\View\View.php(216): CodeIgniter\View\View->CodeIgniter\View\{closure}()
 4 SYSTEMPATH\Common.php(1135): CodeIgniter\View\View->render('pagamentos', [], true)
 5 APPPATH\Controllers\Home.php(173): view('pagamentos', [...])
 6 SYSTEMPATH\CodeIgniter.php(898): App\Controllers\Home->pagamentos()
 7 SYSTEMPATH\CodeIgniter.php(468): CodeIgniter\CodeIgniter->runController(Object(App\Controllers\Home))
 8 SYSTEMPATH\CodeIgniter.php(351): CodeIgniter\CodeIgniter->handleRequest(null, Object(Config\Cache), false)
 9 FCPATH\index.php(55): CodeIgniter\CodeIgniter->run()
10 SYSTEMPATH\Commands\Server\rewrite.php(43): require_once('FCPATH\\index.php')
CRITICAL - 2022-06-09 19:01:03 --> Array to string conversion
in APPPATH\Views\pagamentos.php on line 66.
 1 APPPATH\Views\pagamentos.php(66): CodeIgniter\Debug\Exceptions->errorHandler(2, 'Array to string conversion', 'APPPATH\\Views\\pagamentos.php', 66)
 2 SYSTEMPATH\View\View.php(213): include('APPPATH\\Views\\pagamentos.php')
 3 SYSTEMPATH\View\View.php(216): CodeIgniter\View\View->CodeIgniter\View\{closure}()
 4 SYSTEMPATH\Common.php(1135): CodeIgniter\View\View->render('pagamentos', [], true)
 5 APPPATH\Controllers\Home.php(173): view('pagamentos', [...])
 6 SYSTEMPATH\CodeIgniter.php(898): App\Controllers\Home->pagamentos()
 7 SYSTEMPATH\CodeIgniter.php(468): CodeIgniter\CodeIgniter->runController(Object(App\Controllers\Home))
 8 SYSTEMPATH\CodeIgniter.php(351): CodeIgniter\CodeIgniter->handleRequest(null, Object(Config\Cache), false)
 9 FCPATH\index.php(55): CodeIgniter\CodeIgniter->run()
10 SYSTEMPATH\Commands\Server\rewrite.php(43): require_once('FCPATH\\index.php')
CRITICAL - 2022-06-09 19:01:04 --> Array to string conversion
in APPPATH\Views\pagamentos.php on line 66.
 1 APPPATH\Views\pagamentos.php(66): CodeIgniter\Debug\Exceptions->errorHandler(2, 'Array to string conversion', 'APPPATH\\Views\\pagamentos.php', 66)
 2 SYSTEMPATH\View\View.php(213): include('APPPATH\\Views\\pagamentos.php')
 3 SYSTEMPATH\View\View.php(216): CodeIgniter\View\View->CodeIgniter\View\{closure}()
 4 SYSTEMPATH\Common.php(1135): CodeIgniter\View\View->render('pagamentos', [], true)
 5 APPPATH\Controllers\Home.php(173): view('pagamentos', [...])
 6 SYSTEMPATH\CodeIgniter.php(898): App\Controllers\Home->pagamentos()
 7 SYSTEMPATH\CodeIgniter.php(468): CodeIgniter\CodeIgniter->runController(Object(App\Controllers\Home))
 8 SYSTEMPATH\CodeIgniter.php(351): CodeIgniter\CodeIgniter->handleRequest(null, Object(Config\Cache), false)
 9 FCPATH\index.php(55): CodeIgniter\CodeIgniter->run()
10 SYSTEMPATH\Commands\Server\rewrite.php(43): require_once('FCPATH\\index.php')
CRITICAL - 2022-06-09 19:01:04 --> Array to string conversion
in APPPATH\Views\pagamentos.php on line 66.
 1 APPPATH\Views\pagamentos.php(66): CodeIgniter\Debug\Exceptions->errorHandler(2, 'Array to string conversion', 'APPPATH\\Views\\pagamentos.php', 66)
 2 SYSTEMPATH\View\View.php(213): include('APPPATH\\Views\\pagamentos.php')
 3 SYSTEMPATH\View\View.php(216): CodeIgniter\View\View->CodeIgniter\View\{closure}()
 4 SYSTEMPATH\Common.php(1135): CodeIgniter\View\View->render('pagamentos', [], true)
 5 APPPATH\Controllers\Home.php(173): view('pagamentos', [...])
 6 SYSTEMPATH\CodeIgniter.php(898): App\Controllers\Home->pagamentos()
 7 SYSTEMPATH\CodeIgniter.php(468): CodeIgniter\CodeIgniter->runController(Object(App\Controllers\Home))
 8 SYSTEMPATH\CodeIgniter.php(351): CodeIgniter\CodeIgniter->handleRequest(null, Object(Config\Cache), false)
 9 FCPATH\index.php(55): CodeIgniter\CodeIgniter->run()
10 SYSTEMPATH\Commands\Server\rewrite.php(43): require_once('FCPATH\\index.php')
CRITICAL - 2022-06-09 19:01:04 --> Array to string conversion
in APPPATH\Views\pagamentos.php on line 66.
 1 APPPATH\Views\pagamentos.php(66): CodeIgniter\Debug\Exceptions->errorHandler(2, 'Array to string conversion', 'APPPATH\\Views\\pagamentos.php', 66)
 2 SYSTEMPATH\View\View.php(213): include('APPPATH\\Views\\pagamentos.php')
 3 SYSTEMPATH\View\View.php(216): CodeIgniter\View\View->CodeIgniter\View\{closure}()
 4 SYSTEMPATH\Common.php(1135): CodeIgniter\View\View->render('pagamentos', [], true)
 5 APPPATH\Controllers\Home.php(173): view('pagamentos', [...])
 6 SYSTEMPATH\CodeIgniter.php(898): App\Controllers\Home->pagamentos()
 7 SYSTEMPATH\CodeIgniter.php(468): CodeIgniter\CodeIgniter->runController(Object(App\Controllers\Home))
 8 SYSTEMPATH\CodeIgniter.php(351): CodeIgniter\CodeIgniter->handleRequest(null, Object(Config\Cache), false)
 9 FCPATH\index.php(55): CodeIgniter\CodeIgniter->run()
10 SYSTEMPATH\Commands\Server\rewrite.php(43): require_once('FCPATH\\index.php')
CRITICAL - 2022-06-09 19:01:04 --> Array to string conversion
in APPPATH\Views\pagamentos.php on line 66.
 1 APPPATH\Views\pagamentos.php(66): CodeIgniter\Debug\Exceptions->errorHandler(2, 'Array to string conversion', 'APPPATH\\Views\\pagamentos.php', 66)
 2 SYSTEMPATH\View\View.php(213): include('APPPATH\\Views\\pagamentos.php')
 3 SYSTEMPATH\View\View.php(216): CodeIgniter\View\View->CodeIgniter\View\{closure}()
 4 SYSTEMPATH\Common.php(1135): CodeIgniter\View\View->render('pagamentos', [], true)
 5 APPPATH\Controllers\Home.php(173): view('pagamentos', [...])
 6 SYSTEMPATH\CodeIgniter.php(898): App\Controllers\Home->pagamentos()
 7 SYSTEMPATH\CodeIgniter.php(468): CodeIgniter\CodeIgniter->runController(Object(App\Controllers\Home))
 8 SYSTEMPATH\CodeIgniter.php(351): CodeIgniter\CodeIgniter->handleRequest(null, Object(Config\Cache), false)
 9 FCPATH\index.php(55): CodeIgniter\CodeIgniter->run()
10 SYSTEMPATH\Commands\Server\rewrite.php(43): require_once('FCPATH\\index.php')
CRITICAL - 2022-06-09 19:01:04 --> Array to string conversion
in APPPATH\Views\pagamentos.php on line 66.
 1 APPPATH\Views\pagamentos.php(66): CodeIgniter\Debug\Exceptions->errorHandler(2, 'Array to string conversion', 'APPPATH\\Views\\pagamentos.php', 66)
 2 SYSTEMPATH\View\View.php(213): include('APPPATH\\Views\\pagamentos.php')
 3 SYSTEMPATH\View\View.php(216): CodeIgniter\View\View->CodeIgniter\View\{closure}()
 4 SYSTEMPATH\Common.php(1135): CodeIgniter\View\View->render('pagamentos', [], true)
 5 APPPATH\Controllers\Home.php(173): view('pagamentos', [...])
 6 SYSTEMPATH\CodeIgniter.php(898): App\Controllers\Home->pagamentos()
 7 SYSTEMPATH\CodeIgniter.php(468): CodeIgniter\CodeIgniter->runController(Object(App\Controllers\Home))
 8 SYSTEMPATH\CodeIgniter.php(351): CodeIgniter\CodeIgniter->handleRequest(null, Object(Config\Cache), false)
 9 FCPATH\index.php(55): CodeIgniter\CodeIgniter->run()
10 SYSTEMPATH\Commands\Server\rewrite.php(43): require_once('FCPATH\\index.php')
CRITICAL - 2022-06-09 19:01:05 --> Array to string conversion
in APPPATH\Views\pagamentos.php on line 66.
 1 APPPATH\Views\pagamentos.php(66): CodeIgniter\Debug\Exceptions->errorHandler(2, 'Array to string conversion', 'APPPATH\\Views\\pagamentos.php', 66)
 2 SYSTEMPATH\View\View.php(213): include('APPPATH\\Views\\pagamentos.php')
 3 SYSTEMPATH\View\View.php(216): CodeIgniter\View\View->CodeIgniter\View\{closure}()
 4 SYSTEMPATH\Common.php(1135): CodeIgniter\View\View->render('pagamentos', [], true)
 5 APPPATH\Controllers\Home.php(173): view('pagamentos', [...])
 6 SYSTEMPATH\CodeIgniter.php(898): App\Controllers\Home->pagamentos()
 7 SYSTEMPATH\CodeIgniter.php(468): CodeIgniter\CodeIgniter->runController(Object(App\Controllers\Home))
 8 SYSTEMPATH\CodeIgniter.php(351): CodeIgniter\CodeIgniter->handleRequest(null, Object(Config\Cache), false)
 9 FCPATH\index.php(55): CodeIgniter\CodeIgniter->run()
10 SYSTEMPATH\Commands\Server\rewrite.php(43): require_once('FCPATH\\index.php')
CRITICAL - 2022-06-09 19:01:05 --> Array to string conversion
in APPPATH\Views\pagamentos.php on line 66.
 1 APPPATH\Views\pagamentos.php(66): CodeIgniter\Debug\Exceptions->errorHandler(2, 'Array to string conversion', 'APPPATH\\Views\\pagamentos.php', 66)
 2 SYSTEMPATH\View\View.php(213): include('APPPATH\\Views\\pagamentos.php')
 3 SYSTEMPATH\View\View.php(216): CodeIgniter\View\View->CodeIgniter\View\{closure}()
 4 SYSTEMPATH\Common.php(1135): CodeIgniter\View\View->render('pagamentos', [], true)
 5 APPPATH\Controllers\Home.php(173): view('pagamentos', [...])
 6 SYSTEMPATH\CodeIgniter.php(898): App\Controllers\Home->pagamentos()
 7 SYSTEMPATH\CodeIgniter.php(468): CodeIgniter\CodeIgniter->runController(Object(App\Controllers\Home))
 8 SYSTEMPATH\CodeIgniter.php(351): CodeIgniter\CodeIgniter->handleRequest(null, Object(Config\Cache), false)
 9 FCPATH\index.php(55): CodeIgniter\CodeIgniter->run()
10 SYSTEMPATH\Commands\Server\rewrite.php(43): require_once('FCPATH\\index.php')
CRITICAL - 2022-06-09 19:01:05 --> Array to string conversion
in APPPATH\Views\pagamentos.php on line 66.
 1 APPPATH\Views\pagamentos.php(66): CodeIgniter\Debug\Exceptions->errorHandler(2, 'Array to string conversion', 'APPPATH\\Views\\pagamentos.php', 66)
 2 SYSTEMPATH\View\View.php(213): include('APPPATH\\Views\\pagamentos.php')
 3 SYSTEMPATH\View\View.php(216): CodeIgniter\View\View->CodeIgniter\View\{closure}()
 4 SYSTEMPATH\Common.php(1135): CodeIgniter\View\View->render('pagamentos', [], true)
 5 APPPATH\Controllers\Home.php(173): view('pagamentos', [...])
 6 SYSTEMPATH\CodeIgniter.php(898): App\Controllers\Home->pagamentos()
 7 SYSTEMPATH\CodeIgniter.php(468): CodeIgniter\CodeIgniter->runController(Object(App\Controllers\Home))
 8 SYSTEMPATH\CodeIgniter.php(351): CodeIgniter\CodeIgniter->handleRequest(null, Object(Config\Cache), false)
 9 FCPATH\index.php(55): CodeIgniter\CodeIgniter->run()
10 SYSTEMPATH\Commands\Server\rewrite.php(43): require_once('FCPATH\\index.php')
CRITICAL - 2022-06-09 19:01:05 --> Array to string conversion
in APPPATH\Views\pagamentos.php on line 66.
 1 APPPATH\Views\pagamentos.php(66): CodeIgniter\Debug\Exceptions->errorHandler(2, 'Array to string conversion', 'APPPATH\\Views\\pagamentos.php', 66)
 2 SYSTEMPATH\View\View.php(213): include('APPPATH\\Views\\pagamentos.php')
 3 SYSTEMPATH\View\View.php(216): CodeIgniter\View\View->CodeIgniter\View\{closure}()
 4 SYSTEMPATH\Common.php(1135): CodeIgniter\View\View->render('pagamentos', [], true)
 5 APPPATH\Controllers\Home.php(173): view('pagamentos', [...])
 6 SYSTEMPATH\CodeIgniter.php(898): App\Controllers\Home->pagamentos()
 7 SYSTEMPATH\CodeIgniter.php(468): CodeIgniter\CodeIgniter->runController(Object(App\Controllers\Home))
 8 SYSTEMPATH\CodeIgniter.php(351): CodeIgniter\CodeIgniter->handleRequest(null, Object(Config\Cache), false)
 9 FCPATH\index.php(55): CodeIgniter\CodeIgniter->run()
10 SYSTEMPATH\Commands\Server\rewrite.php(43): require_once('FCPATH\\index.php')
CRITICAL - 2022-06-09 19:01:05 --> Array to string conversion
in APPPATH\Views\pagamentos.php on line 66.
 1 APPPATH\Views\pagamentos.php(66): CodeIgniter\Debug\Exceptions->errorHandler(2, 'Array to string conversion', 'APPPATH\\Views\\pagamentos.php', 66)
 2 SYSTEMPATH\View\View.php(213): include('APPPATH\\Views\\pagamentos.php')
 3 SYSTEMPATH\View\View.php(216): CodeIgniter\View\View->CodeIgniter\View\{closure}()
 4 SYSTEMPATH\Common.php(1135): CodeIgniter\View\View->render('pagamentos', [], true)
 5 APPPATH\Controllers\Home.php(173): view('pagamentos', [...])
 6 SYSTEMPATH\CodeIgniter.php(898): App\Controllers\Home->pagamentos()
 7 SYSTEMPATH\CodeIgniter.php(468): CodeIgniter\CodeIgniter->runController(Object(App\Controllers\Home))
 8 SYSTEMPATH\CodeIgniter.php(351): CodeIgniter\CodeIgniter->handleRequest(null, Object(Config\Cache), false)
 9 FCPATH\index.php(55): CodeIgniter\CodeIgniter->run()
10 SYSTEMPATH\Commands\Server\rewrite.php(43): require_once('FCPATH\\index.php')
CRITICAL - 2022-06-09 19:07:55 --> Undefined variable $username
in APPPATH\Views\transferencia.php on line 81.
 1 APPPATH\Views\transferencia.php(81): CodeIgniter\Debug\Exceptions->errorHandler(2, 'Undefined variable $username', 'APPPATH\\Views\\transferencia.php', 81)
 2 SYSTEMPATH\View\View.php(213): include('APPPATH\\Views\\transferencia.php')
 3 SYSTEMPATH\View\View.php(216): CodeIgniter\View\View->CodeIgniter\View\{closure}()
 4 SYSTEMPATH\Common.php(1135): CodeIgniter\View\View->render('transferencia', [], true)
 5 APPPATH\Controllers\Home.php(377): view('transferencia', [...])
 6 SYSTEMPATH\CodeIgniter.php(898): App\Controllers\Home->transferencia()
 7 SYSTEMPATH\CodeIgniter.php(468): CodeIgniter\CodeIgniter->runController(Object(App\Controllers\Home))
 8 SYSTEMPATH\CodeIgniter.php(351): CodeIgniter\CodeIgniter->handleRequest(null, Object(Config\Cache), false)
 9 FCPATH\index.php(55): CodeIgniter\CodeIgniter->run()
10 SYSTEMPATH\Commands\Server\rewrite.php(43): require_once('FCPATH\\index.php')
CRITICAL - 2022-06-09 19:08:13 --> Undefined variable $username
in APPPATH\Views\transferencia.php on line 81.
 1 APPPATH\Views\transferencia.php(81): CodeIgniter\Debug\Exceptions->errorHandler(2, 'Undefined variable $username', 'APPPATH\\Views\\transferencia.php', 81)
 2 SYSTEMPATH\View\View.php(213): include('APPPATH\\Views\\transferencia.php')
 3 SYSTEMPATH\View\View.php(216): CodeIgniter\View\View->CodeIgniter\View\{closure}()
 4 SYSTEMPATH\Common.php(1135): CodeIgniter\View\View->render('transferencia', [], true)
 5 APPPATH\Controllers\Home.php(377): view('transferencia', [...])
 6 SYSTEMPATH\CodeIgniter.php(898): App\Controllers\Home->transferencia()
 7 SYSTEMPATH\CodeIgniter.php(468): CodeIgniter\CodeIgniter->runController(Object(App\Controllers\Home))
 8 SYSTEMPATH\CodeIgniter.php(351): CodeIgniter\CodeIgniter->handleRequest(null, Object(Config\Cache), false)
 9 FCPATH\index.php(55): CodeIgniter\CodeIgniter->run()
10 SYSTEMPATH\Commands\Server\rewrite.php(43): require_once('FCPATH\\index.php')
CRITICAL - 2022-06-09 19:31:28 --> Undefined variable $username
in APPPATH\Views\extratos.php on line 94.
 1 APPPATH\Views\extratos.php(94): CodeIgniter\Debug\Exceptions->errorHandler(2, 'Undefined variable $username', 'APPPATH\\Views\\extratos.php', 94)
 2 SYSTEMPATH\View\View.php(213): include('APPPATH\\Views\\extratos.php')
 3 SYSTEMPATH\View\View.php(216): CodeIgniter\View\View->CodeIgniter\View\{closure}()
 4 SYSTEMPATH\Common.php(1135): CodeIgniter\View\View->render('extratos', [], true)
 5 APPPATH\Controllers\Home.php(163): view('extratos', [...])
 6 SYSTEMPATH\CodeIgniter.php(898): App\Controllers\Home->extratos()
 7 SYSTEMPATH\CodeIgniter.php(468): CodeIgniter\CodeIgniter->runController(Object(App\Controllers\Home))
 8 SYSTEMPATH\CodeIgniter.php(351): CodeIgniter\CodeIgniter->handleRequest(null, Object(Config\Cache), false)
 9 FCPATH\index.php(55): CodeIgniter\CodeIgniter->run()
10 SYSTEMPATH\Commands\Server\rewrite.php(43): require_once('FCPATH\\index.php')
CRITICAL - 2022-06-09 19:31:49 --> Array to string conversion
in APPPATH\Views\extratos.php on line 94.
 1 APPPATH\Views\extratos.php(94): CodeIgniter\Debug\Exceptions->errorHandler(2, 'Array to string conversion', 'APPPATH\\Views\\extratos.php', 94)
 2 SYSTEMPATH\View\View.php(213): include('APPPATH\\Views\\extratos.php')
 3 SYSTEMPATH\View\View.php(216): CodeIgniter\View\View->CodeIgniter\View\{closure}()
 4 SYSTEMPATH\Common.php(1135): CodeIgniter\View\View->render('extratos', [], true)
 5 APPPATH\Controllers\Home.php(163): view('extratos', [...])
 6 SYSTEMPATH\CodeIgniter.php(898): App\Controllers\Home->extratos()
 7 SYSTEMPATH\CodeIgniter.php(468): CodeIgniter\CodeIgniter->runController(Object(App\Controllers\Home))
 8 SYSTEMPATH\CodeIgniter.php(351): CodeIgniter\CodeIgniter->handleRequest(null, Object(Config\Cache), false)
 9 FCPATH\index.php(55): CodeIgniter\CodeIgniter->run()
10 SYSTEMPATH\Commands\Server\rewrite.php(43): require_once('FCPATH\\index.php')
CRITICAL - 2022-06-09 19:36:07 --> Call to a member function num_rows() on null
in APPPATH\Controllers\Home.php on line 415.
 1 SYSTEMPATH\CodeIgniter.php(898): App\Controllers\Home->transferir()
 2 SYSTEMPATH\CodeIgniter.php(468): CodeIgniter\CodeIgniter->runController(Object(App\Controllers\Home))
 3 SYSTEMPATH\CodeIgniter.php(351): CodeIgniter\CodeIgniter->handleRequest(null, Object(Config\Cache), false)
 4 FCPATH\index.php(55): CodeIgniter\CodeIgniter->run()
 5 SYSTEMPATH\Commands\Server\rewrite.php(43): require_once('FCPATH\\index.php')
CRITICAL - 2022-06-09 19:36:51 --> Call to a member function num_rows() on null
in APPPATH\Controllers\Home.php on line 415.
 1 SYSTEMPATH\CodeIgniter.php(898): App\Controllers\Home->transferir()
 2 SYSTEMPATH\CodeIgniter.php(468): CodeIgniter\CodeIgniter->runController(Object(App\Controllers\Home))
 3 SYSTEMPATH\CodeIgniter.php(351): CodeIgniter\CodeIgniter->handleRequest(null, Object(Config\Cache), false)
 4 FCPATH\index.php(55): CodeIgniter\CodeIgniter->run()
 5 SYSTEMPATH\Commands\Server\rewrite.php(43): require_once('FCPATH\\index.php')
CRITICAL - 2022-06-09 19:37:23 --> Undefined array key 0
in APPPATH\Models\AccountModel.php on line 25.
 1 APPPATH\Models\AccountModel.php(25): CodeIgniter\Debug\Exceptions->errorHandler(2, 'Undefined array key 0', 'APPPATH\\Models\\AccountModel.php', 25)
 2 APPPATH\Controllers\Home.php(418): App\Models\AccountModel->getSaldo('54654894')
 3 SYSTEMPATH\CodeIgniter.php(898): App\Controllers\Home->transferir()
 4 SYSTEMPATH\CodeIgniter.php(468): CodeIgniter\CodeIgniter->runController(Object(App\Controllers\Home))
 5 SYSTEMPATH\CodeIgniter.php(351): CodeIgniter\CodeIgniter->handleRequest(null, Object(Config\Cache), false)
 6 FCPATH\index.php(55): CodeIgniter\CodeIgniter->run()
 7 SYSTEMPATH\Commands\Server\rewrite.php(43): require_once('FCPATH\\index.php')
CRITICAL - 2022-06-09 19:37:50 --> Undefined array key 0
in APPPATH\Models\AccountModel.php on line 25.
 1 APPPATH\Models\AccountModel.php(25): CodeIgniter\Debug\Exceptions->errorHandler(2, 'Undefined array key 0', 'APPPATH\\Models\\AccountModel.php', 25)
 2 APPPATH\Controllers\Home.php(418): App\Models\AccountModel->getSaldo('6546584989')
 3 SYSTEMPATH\CodeIgniter.php(898): App\Controllers\Home->transferir()
 4 SYSTEMPATH\CodeIgniter.php(468): CodeIgniter\CodeIgniter->runController(Object(App\Controllers\Home))
 5 SYSTEMPATH\CodeIgniter.php(351): CodeIgniter\CodeIgniter->handleRequest(null, Object(Config\Cache), false)
 6 FCPATH\index.php(55): CodeIgniter\CodeIgniter->run()
 7 SYSTEMPATH\Commands\Server\rewrite.php(43): require_once('FCPATH\\index.php')
CRITICAL - 2022-06-09 19:39:07 --> Undefined array key 0
in APPPATH\Models\AccountModel.php on line 25.
 1 APPPATH\Models\AccountModel.php(25): CodeIgniter\Debug\Exceptions->errorHandler(2, 'Undefined array key 0', 'APPPATH\\Models\\AccountModel.php', 25)
 2 APPPATH\Controllers\Home.php(418): App\Models\AccountModel->getSaldo('54854984')
 3 SYSTEMPATH\CodeIgniter.php(898): App\Controllers\Home->transferir()
 4 SYSTEMPATH\CodeIgniter.php(468): CodeIgniter\CodeIgniter->runController(Object(App\Controllers\Home))
 5 SYSTEMPATH\CodeIgniter.php(351): CodeIgniter\CodeIgniter->handleRequest(null, Object(Config\Cache), false)
 6 FCPATH\index.php(55): CodeIgniter\CodeIgniter->run()
 7 SYSTEMPATH\Commands\Server\rewrite.php(43): require_once('FCPATH\\index.php')
CRITICAL - 2022-06-09 19:39:29 --> Undefined array key 0
in APPPATH\Models\AccountModel.php on line 25.
 1 APPPATH\Models\AccountModel.php(25): CodeIgniter\Debug\Exceptions->errorHandler(2, 'Undefined array key 0', 'APPPATH\\Models\\AccountModel.php', 25)
 2 APPPATH\Controllers\Home.php(418): App\Models\AccountModel->getSaldo('527525')
 3 SYSTEMPATH\CodeIgniter.php(898): App\Controllers\Home->transferir()
 4 SYSTEMPATH\CodeIgniter.php(468): CodeIgniter\CodeIgniter->runController(Object(App\Controllers\Home))
 5 SYSTEMPATH\CodeIgniter.php(351): CodeIgniter\CodeIgniter->handleRequest(null, Object(Config\Cache), false)
 6 FCPATH\index.php(55): CodeIgniter\CodeIgniter->run()
 7 SYSTEMPATH\Commands\Server\rewrite.php(43): require_once('FCPATH\\index.php')
CRITICAL - 2022-06-09 19:41:00 --> Undefined array key 0
in APPPATH\Models\AccountModel.php on line 25.
 1 APPPATH\Models\AccountModel.php(25): CodeIgniter\Debug\Exceptions->errorHandler(2, 'Undefined array key 0', 'APPPATH\\Models\\AccountModel.php', 25)
 2 APPPATH\Controllers\Home.php(418): App\Models\AccountModel->getSaldo('984894894')
 3 SYSTEMPATH\CodeIgniter.php(898): App\Controllers\Home->transferir()
 4 SYSTEMPATH\CodeIgniter.php(468): CodeIgniter\CodeIgniter->runController(Object(App\Controllers\Home))
 5 SYSTEMPATH\CodeIgniter.php(351): CodeIgniter\CodeIgniter->handleRequest(null, Object(Config\Cache), false)
 6 FCPATH\index.php(55): CodeIgniter\CodeIgniter->run()
 7 SYSTEMPATH\Commands\Server\rewrite.php(43): require_once('FCPATH\\index.php')
CRITICAL - 2022-06-09 19:41:22 --> Undefined array key 0
in APPPATH\Models\AccountModel.php on line 25.
 1 APPPATH\Models\AccountModel.php(25): CodeIgniter\Debug\Exceptions->errorHandler(2, 'Undefined array key 0', 'APPPATH\\Models\\AccountModel.php', 25)
 2 APPPATH\Controllers\Home.php(418): App\Models\AccountModel->getSaldo('47527827')
 3 SYSTEMPATH\CodeIgniter.php(898): App\Controllers\Home->transferir()
 4 SYSTEMPATH\CodeIgniter.php(468): CodeIgniter\CodeIgniter->runController(Object(App\Controllers\Home))
 5 SYSTEMPATH\CodeIgniter.php(351): CodeIgniter\CodeIgniter->handleRequest(null, Object(Config\Cache), false)
 6 FCPATH\index.php(55): CodeIgniter\CodeIgniter->run()
 7 SYSTEMPATH\Commands\Server\rewrite.php(43): require_once('FCPATH\\index.php')
CRITICAL - 2022-06-09 19:41:45 --> Undefined array key 0
in APPPATH\Models\AccountModel.php on line 25.
 1 APPPATH\Models\AccountModel.php(25): CodeIgniter\Debug\Exceptions->errorHandler(2, 'Undefined array key 0', 'APPPATH\\Models\\AccountModel.php', 25)
 2 APPPATH\Controllers\Home.php(418): App\Models\AccountModel->getSaldo('785785')
 3 SYSTEMPATH\CodeIgniter.php(898): App\Controllers\Home->transferir()
 4 SYSTEMPATH\CodeIgniter.php(468): CodeIgniter\CodeIgniter->runController(Object(App\Controllers\Home))
 5 SYSTEMPATH\CodeIgniter.php(351): CodeIgniter\CodeIgniter->handleRequest(null, Object(Config\Cache), false)
 6 FCPATH\index.php(55): CodeIgniter\CodeIgniter->run()
 7 SYSTEMPATH\Commands\Server\rewrite.php(43): require_once('FCPATH\\index.php')
CRITICAL - 2022-06-09 19:42:03 --> Undefined array key 0
in APPPATH\Models\AccountModel.php on line 25.
 1 APPPATH\Models\AccountModel.php(25): CodeIgniter\Debug\Exceptions->errorHandler(2, 'Undefined array key 0', 'APPPATH\\Models\\AccountModel.php', 25)
 2 APPPATH\Controllers\Home.php(418): App\Models\AccountModel->getSaldo('527275')
 3 SYSTEMPATH\CodeIgniter.php(898): App\Controllers\Home->transferir()
 4 SYSTEMPATH\CodeIgniter.php(468): CodeIgniter\CodeIgniter->runController(Object(App\Controllers\Home))
 5 SYSTEMPATH\CodeIgniter.php(351): CodeIgniter\CodeIgniter->handleRequest(null, Object(Config\Cache), false)
 6 FCPATH\index.php(55): CodeIgniter\CodeIgniter->run()
 7 SYSTEMPATH\Commands\Server\rewrite.php(43): require_once('FCPATH\\index.php')
CRITICAL - 2022-06-09 19:42:40 --> Undefined array key 0
in APPPATH\Models\AccountModel.php on line 25.
 1 APPPATH\Models\AccountModel.php(25): CodeIgniter\Debug\Exceptions->errorHandler(2, 'Undefined array key 0', 'APPPATH\\Models\\AccountModel.php', 25)
 2 APPPATH\Controllers\Home.php(418): App\Models\AccountModel->getSaldo('45858')
 3 SYSTEMPATH\CodeIgniter.php(898): App\Controllers\Home->transferir()
 4 SYSTEMPATH\CodeIgniter.php(468): CodeIgniter\CodeIgniter->runController(Object(App\Controllers\Home))
 5 SYSTEMPATH\CodeIgniter.php(351): CodeIgniter\CodeIgniter->handleRequest(null, Object(Config\Cache), false)
 6 FCPATH\index.php(55): CodeIgniter\CodeIgniter->run()
 7 SYSTEMPATH\Commands\Server\rewrite.php(43): require_once('FCPATH\\index.php')
CRITICAL - 2022-06-09 19:43:04 --> Undefined array key 0
in APPPATH\Models\AccountModel.php on line 25.
 1 APPPATH\Models\AccountModel.php(25): CodeIgniter\Debug\Exceptions->errorHandler(2, 'Undefined array key 0', 'APPPATH\\Models\\AccountModel.php', 25)
 2 APPPATH\Controllers\Home.php(418): App\Models\AccountModel->getSaldo('4525287')
 3 SYSTEMPATH\CodeIgniter.php(898): App\Controllers\Home->transferir()
 4 SYSTEMPATH\CodeIgniter.php(468): CodeIgniter\CodeIgniter->runController(Object(App\Controllers\Home))
 5 SYSTEMPATH\CodeIgniter.php(351): CodeIgniter\CodeIgniter->handleRequest(null, Object(Config\Cache), false)
 6 FCPATH\index.php(55): CodeIgniter\CodeIgniter->run()
 7 SYSTEMPATH\Commands\Server\rewrite.php(43): require_once('FCPATH\\index.php')
CRITICAL - 2022-06-09 19:44:13 --> Undefined array key 0
in APPPATH\Models\AccountModel.php on line 25.
 1 APPPATH\Models\AccountModel.php(25): CodeIgniter\Debug\Exceptions->errorHandler(2, 'Undefined array key 0', 'APPPATH\\Models\\AccountModel.php', 25)
 2 APPPATH\Controllers\Home.php(418): App\Models\AccountModel->getSaldo('7587587')
 3 SYSTEMPATH\CodeIgniter.php(898): App\Controllers\Home->transferir()
 4 SYSTEMPATH\CodeIgniter.php(468): CodeIgniter\CodeIgniter->runController(Object(App\Controllers\Home))
 5 SYSTEMPATH\CodeIgniter.php(351): CodeIgniter\CodeIgniter->handleRequest(null, Object(Config\Cache), false)
 6 FCPATH\index.php(55): CodeIgniter\CodeIgniter->run()
 7 SYSTEMPATH\Commands\Server\rewrite.php(43): require_once('FCPATH\\index.php')
CRITICAL - 2022-06-09 19:44:35 --> Undefined array key 0
in APPPATH\Models\AccountModel.php on line 25.
 1 APPPATH\Models\AccountModel.php(25): CodeIgniter\Debug\Exceptions->errorHandler(2, 'Undefined array key 0', 'APPPATH\\Models\\AccountModel.php', 25)
 2 APPPATH\Controllers\Home.php(418): App\Models\AccountModel->getSaldo('75875')
 3 SYSTEMPATH\CodeIgniter.php(898): App\Controllers\Home->transferir()
 4 SYSTEMPATH\CodeIgniter.php(468): CodeIgniter\CodeIgniter->runController(Object(App\Controllers\Home))
 5 SYSTEMPATH\CodeIgniter.php(351): CodeIgniter\CodeIgniter->handleRequest(null, Object(Config\Cache), false)
 6 FCPATH\index.php(55): CodeIgniter\CodeIgniter->run()
 7 SYSTEMPATH\Commands\Server\rewrite.php(43): require_once('FCPATH\\index.php')
CRITICAL - 2022-06-09 19:45:10 --> Undefined variable $result
in APPPATH\Controllers\Home.php on line 391.
 1 APPPATH\Controllers\Home.php(391): CodeIgniter\Debug\Exceptions->errorHandler(2, 'Undefined variable $result', 'APPPATH\\Controllers\\Home.php', 391)
 2 SYSTEMPATH\CodeIgniter.php(898): App\Controllers\Home->transferir()
 3 SYSTEMPATH\CodeIgniter.php(468): CodeIgniter\CodeIgniter->runController(Object(App\Controllers\Home))
 4 SYSTEMPATH\CodeIgniter.php(351): CodeIgniter\CodeIgniter->handleRequest(null, Object(Config\Cache), false)
 5 FCPATH\index.php(55): CodeIgniter\CodeIgniter->run()
 6 SYSTEMPATH\Commands\Server\rewrite.php(43): require_once('FCPATH\\index.php')
CRITICAL - 2022-06-09 19:48:01 --> Undefined array key 0
in APPPATH\Models\AccountModel.php on line 25.
 1 APPPATH\Models\AccountModel.php(25): CodeIgniter\Debug\Exceptions->errorHandler(2, 'Undefined array key 0', 'APPPATH\\Models\\AccountModel.php', 25)
 2 APPPATH\Controllers\Home.php(418): App\Models\AccountModel->getSaldo('45675')
 3 SYSTEMPATH\CodeIgniter.php(898): App\Controllers\Home->transferir()
 4 SYSTEMPATH\CodeIgniter.php(468): CodeIgniter\CodeIgniter->runController(Object(App\Controllers\Home))
 5 SYSTEMPATH\CodeIgniter.php(351): CodeIgniter\CodeIgniter->handleRequest(null, Object(Config\Cache), false)
 6 FCPATH\index.php(55): CodeIgniter\CodeIgniter->run()
 7 SYSTEMPATH\Commands\Server\rewrite.php(43): require_once('FCPATH\\index.php')
CRITICAL - 2022-06-09 19:52:21 --> Undefined array key 0
in APPPATH\Models\AccountModel.php on line 25.
 1 APPPATH\Models\AccountModel.php(25): CodeIgniter\Debug\Exceptions->errorHandler(2, 'Undefined array key 0', 'APPPATH\\Models\\AccountModel.php', 25)
 2 APPPATH\Controllers\Home.php(418): App\Models\AccountModel->getSaldo('6545645')
 3 SYSTEMPATH\CodeIgniter.php(898): App\Controllers\Home->transferir()
 4 SYSTEMPATH\CodeIgniter.php(468): CodeIgniter\CodeIgniter->runController(Object(App\Controllers\Home))
 5 SYSTEMPATH\CodeIgniter.php(351): CodeIgniter\CodeIgniter->handleRequest(null, Object(Config\Cache), false)
 6 FCPATH\index.php(55): CodeIgniter\CodeIgniter->run()
 7 SYSTEMPATH\Commands\Server\rewrite.php(43): require_once('FCPATH\\index.php')
CRITICAL - 2022-06-09 19:52:35 --> Undefined array key 0
in APPPATH\Models\AccountModel.php on line 26.
 1 APPPATH\Models\AccountModel.php(26): CodeIgniter\Debug\Exceptions->errorHandler(2, 'Undefined array key 0', 'APPPATH\\Models\\AccountModel.php', 26)
 2 APPPATH\Controllers\Home.php(418): App\Models\AccountModel->getSaldo('216541654')
 3 SYSTEMPATH\CodeIgniter.php(898): App\Controllers\Home->transferir()
 4 SYSTEMPATH\CodeIgniter.php(468): CodeIgniter\CodeIgniter->runController(Object(App\Controllers\Home))
 5 SYSTEMPATH\CodeIgniter.php(351): CodeIgniter\CodeIgniter->handleRequest(null, Object(Config\Cache), false)
 6 FCPATH\index.php(55): CodeIgniter\CodeIgniter->run()
 7 SYSTEMPATH\Commands\Server\rewrite.php(43): require_once('FCPATH\\index.php')
CRITICAL - 2022-06-09 19:53:21 --> Undefined array key 0
in APPPATH\Models\AccountModel.php on line 27.
 1 APPPATH\Models\AccountModel.php(27): CodeIgniter\Debug\Exceptions->errorHandler(2, 'Undefined array key 0', 'APPPATH\\Models\\AccountModel.php', 27)
 2 APPPATH\Controllers\Home.php(418): App\Models\AccountModel->getSaldo('6541654')
 3 SYSTEMPATH\CodeIgniter.php(898): App\Controllers\Home->transferir()
 4 SYSTEMPATH\CodeIgniter.php(468): CodeIgniter\CodeIgniter->runController(Object(App\Controllers\Home))
 5 SYSTEMPATH\CodeIgniter.php(351): CodeIgniter\CodeIgniter->handleRequest(null, Object(Config\Cache), false)
 6 FCPATH\index.php(55): CodeIgniter\CodeIgniter->run()
 7 SYSTEMPATH\Commands\Server\rewrite.php(43): require_once('FCPATH\\index.php')
CRITICAL - 2022-06-09 19:53:41 --> Undefined array key 0
in APPPATH\Models\AccountModel.php on line 27.
 1 APPPATH\Models\AccountModel.php(27): CodeIgniter\Debug\Exceptions->errorHandler(2, 'Undefined array key 0', 'APPPATH\\Models\\AccountModel.php', 27)
 2 APPPATH\Controllers\Home.php(418): App\Models\AccountModel->getSaldo('6541654')
 3 SYSTEMPATH\CodeIgniter.php(898): App\Controllers\Home->transferir()
 4 SYSTEMPATH\CodeIgniter.php(468): CodeIgniter\CodeIgniter->runController(Object(App\Controllers\Home))
 5 SYSTEMPATH\CodeIgniter.php(351): CodeIgniter\CodeIgniter->handleRequest(null, Object(Config\Cache), false)
 6 FCPATH\index.php(55): CodeIgniter\CodeIgniter->run()
 7 SYSTEMPATH\Commands\Server\rewrite.php(43): require_once('FCPATH\\index.php')
CRITICAL - 2022-06-09 19:55:02 --> Undefined array key 0
in APPPATH\Models\AccountModel.php on line 27.
 1 APPPATH\Models\AccountModel.php(27): CodeIgniter\Debug\Exceptions->errorHandler(2, 'Undefined array key 0', 'APPPATH\\Models\\AccountModel.php', 27)
 2 APPPATH\Controllers\Home.php(418): App\Models\AccountModel->getSaldo('555555')
 3 SYSTEMPATH\CodeIgniter.php(898): App\Controllers\Home->transferir()
 4 SYSTEMPATH\CodeIgniter.php(468): CodeIgniter\CodeIgniter->runController(Object(App\Controllers\Home))
 5 SYSTEMPATH\CodeIgniter.php(351): CodeIgniter\CodeIgniter->handleRequest(null, Object(Config\Cache), false)
 6 FCPATH\index.php(55): CodeIgniter\CodeIgniter->run()
 7 SYSTEMPATH\Commands\Server\rewrite.php(43): require_once('FCPATH\\index.php')
CRITICAL - 2022-06-09 19:55:41 --> Undefined array key 0
in APPPATH\Models\AccountModel.php on line 27.
 1 APPPATH\Models\AccountModel.php(27): CodeIgniter\Debug\Exceptions->errorHandler(2, 'Undefined array key 0', 'APPPATH\\Models\\AccountModel.php', 27)
 2 APPPATH\Controllers\Home.php(418): App\Models\AccountModel->getSaldo('615165')
 3 SYSTEMPATH\CodeIgniter.php(898): App\Controllers\Home->transferir()
 4 SYSTEMPATH\CodeIgniter.php(468): CodeIgniter\CodeIgniter->runController(Object(App\Controllers\Home))
 5 SYSTEMPATH\CodeIgniter.php(351): CodeIgniter\CodeIgniter->handleRequest(null, Object(Config\Cache), false)
 6 FCPATH\index.php(55): CodeIgniter\CodeIgniter->run()
 7 SYSTEMPATH\Commands\Server\rewrite.php(43): require_once('FCPATH\\index.php')
